#
# A fatal error has been detected by the Java Runtime Environment:
#
#  EXCEPTION_ACCESS_VIOLATION (0xc0000005) at pc=0x00007ffd65a48370, pid=21544, tid=5596
#
# JRE version: OpenJDK Runtime Environment Temurin-21.0.1+12 (21.0.1+12) (build 21.0.1+12-LTS)
# Java VM: OpenJDK 64-Bit Server VM Temurin-21.0.1+12 (21.0.1+12-LTS, mixed mode, sharing, tiered, compressed oops, compressed class ptrs, g1 gc, windows-amd64)
# Problematic frame:
# C  [nvoglv64.dll+0x568370]
#
# No core dump will be written. Minidumps are not enabled by default on client versions of Windows
#
# If you would like to submit a bug report, please visit:
#   https://github.com/adoptium/adoptium-support/issues
# The crash happened outside the Java Virtual Machine in native code.
# See problematic frame for where to report the bug.
#

---------------  S U M M A R Y ------------

Command Line: -javaagent:C:\Program Files\JetBrains\IntelliJ IDEA Community Edition 2023.3.3\lib\idea_rt.jar=57895:C:\Program Files\JetBrains\IntelliJ IDEA Community Edition 2023.3.3\bin -Dfile.encoding=UTF-8 -Dsun.stdout.encoding=UTF-8 -Dsun.stderr.encoding=UTF-8 runestone.RunestoneKt

Host: AMD Ryzen 7 9800X3D 8-Core Processor           , 16 cores, 61G,  Windows 11 , 64 bit Build 26100 (10.0.26100.3912)
Time: Sun Jun  8 20:19:36 2025 US Eastern Daylight Time elapsed time: 1.647229 seconds (0d 0h 0m 1s)

---------------  T H R E A D  ---------------

Current thread (0x0000019171c54390):  JavaThread "main"             [_thread_in_native, id=5596, stack(0x00000042bb300000,0x00000042bb400000) (1024K)]

Stack: [0x00000042bb300000,0x00000042bb400000],  sp=0x00000042bb3ff1c0,  free space=1020k
Native frames: (J=compiled Java code, j=interpreted, Vv=VM code, C=native code)
C  [nvoglv64.dll+0x568370]

Java frames: (J=compiled Java code, j=interpreted, Vv=VM code)
j  org.lwjgl.opengl.GL11C.nglDrawElements(IIIJ)V+0
j  org.lwjgl.opengl.GL11C.glDrawElements(IIIJ)V+4
j  org.lwjgl.opengl.GL11.glDrawElements(IIIJ)V+4
j  rune.platforms.opengl.GLRendererAPI.renderSkybox$lambda$10()Lkotlin/Unit;+7
j  rune.platforms.opengl.GLRendererAPI$$Lambda+0x00000191240f5b10.invoke()Ljava/lang/Object;+0
j  rune.renderer.Renderer.render()V+48
j  rune.core.Application.run()V+79
j  runestone.RunestoneKt.main()V+12
j  runestone.RunestoneKt.main([Ljava/lang/String;)V+0
v  ~StubRoutines::call_stub 0x00000191074510e7

siginfo: EXCEPTION_ACCESS_VIOLATION (0xc0000005), reading address 0x0000000000000000


Registers:
RAX=0x00000000fffffff8, RBX=0x0000000000000000, RCX=0x0000000000000008, RDX=0x0000000000000000
RSP=0x00000042bb3ff1c0, RBP=0x000000000000014c, RSI=0x0000000000000048, RDI=0x0000019169000080
R8 =0x000001916a017370, R9 =0x0000000000000008, R10=0x000001916a017354, R11=0x000001916a01736c
R12=0x000001916a017370, R13=0x0000000000001405, R14=0x0000000000000120, R15=0x0000000000000000
RIP=0x00007ffd65a48370, EFLAGS=0x0000000000010293


Register to memory mapping:

RAX=0x00000000fffffff8 is an unknown value
RBX=0x0 is null
RCX=0x0000000000000008 is an unknown value
RDX=0x0 is null
RSP=0x00000042bb3ff1c0 is pointing into the stack for thread: 0x0000019171c54390
RBP=0x000000000000014c is an unknown value
RSI=0x0000000000000048 is an unknown value
RDI=0x0000019169000080 points into unknown readable memory: 0x0000000000000000 | 00 00 00 00 00 00 00 00
R8 =0x000001916a017370 points into unknown readable memory: 0x0000000000000000 | 00 00 00 00 00 00 00 00
R9 =0x0000000000000008 is an unknown value
R10=0x000001916a017354 points into unknown readable memory: 06 60 0a 00
R11=0x000001916a01736c points into unknown readable memory: 00 00 00 00
R12=0x000001916a017370 points into unknown readable memory: 0x0000000000000000 | 00 00 00 00 00 00 00 00
R13=0x0000000000001405 is an unknown value
R14=0x0000000000000120 is an unknown value
R15=0x0 is null

Top of Stack: (sp=0x00000042bb3ff1c0)
0x00000042bb3ff1c0:   00000042bb3ff2d0 00007ffd181f4185
0x00000042bb3ff1d0:   00000042bb3ff1f0 00000191074a9f86
0x00000042bb3ff1e0:   000000000017555d 0000019171c54390
0x00000042bb3ff1f0:   000001916473e6c0 0000019171c54390
0x00000042bb3ff200:   0000019107458846 000001910745cd7c
0x00000042bb3ff210:   0000019171c54390 000001916473e6c0
0x00000042bb3ff220:   0000000000000000 0000019107458846
0x00000042bb3ff230:   0000000000000000 000001910745cf0b
0x00000042bb3ff240:   00000042bb3ff2d0 00000042bb3ff301
0x00000042bb3ff250:   00000042bb3ff310 000001916473e6c0
0x00000042bb3ff260:   0000019100001405 0000000000000000
0x00000042bb3ff270:   0000019107458846 00007ffd184955cf
0x00000042bb3ff280:   000001910745cb9f 00000042bb3ff288
0x00000042bb3ff290:   000001916473e6c0 0000000000000008
0x00000042bb3ff2a0:   0000019164749ad8 0000000000000000
0x00000042bb3ff2b0:   00000004256f1d18 000001916473e6c0
0x00000042bb3ff2c0:   0000000000000000 00000042bb3ff2f0
0x00000042bb3ff2d0:   00000042bb3ff360 0000019107458846
0x00000042bb3ff2e0:   00000004256f1d18 000001910745a397
0x00000042bb3ff2f0:   0000000000000000 0000000000000000
0x00000042bb3ff300:   0000000000001405 0000000000000048
0x00000042bb3ff310:   0000000000000004 00000042bb3ff318
0x00000042bb3ff320:   000001916473e764 0000000000000006
0x00000042bb3ff330:   0000019164749ad8 0000000000000000
0x00000042bb3ff340:   00000004256f1d18 000001916473e7a8
0x00000042bb3ff350:   00000042bb3ff2f0 00000042bb3ff370
0x00000042bb3ff360:   00000042bb3ff3e0 0000019107458846
0x00000042bb3ff370:   0000000000000000 0000000000000000
0x00000042bb3ff380:   0000000000001405 0000000000000048
0x00000042bb3ff390:   0000000000000004 00000042bb3ff398
0x00000042bb3ff3a0:   000001916470e834 0000000000000006
0x00000042bb3ff3b0:   0000019164738000 0000000000000000 

Instructions: (pc=0x00007ffd65a48370)
0x00007ffd65a48270:   20 e8 9a b3 3a 00 48 8b ac 24 80 00 00 00 4c 8b
0x00007ffd65a48280:   b4 24 90 00 00 00 48 8b 9c 24 98 00 00 00 48 83
0x00007ffd65a48290:   c4 50 41 5f 41 5d 41 5c 5f 5e c3 48 8b 4f 50 8b
0x00007ffd65a482a0:   c3 48 2b 4f 40 48 c1 f9 02 85 c9 0f 49 c1 c1 e0
0x00007ffd65a482b0:   02 3b e8 72 0a 8b d5 48 8b cf e8 b1 f3 21 00 4c
0x00007ffd65a482c0:   8b 57 40 8b c5 c1 e0 0b 83 c8 06 41 89 02 45 89
0x00007ffd65a482d0:   62 04 41 89 72 08 45 89 6a 0c 4d 89 7a 10 38 9c
0x00007ffd65a482e0:   24 88 00 00 00 0f 84 1f 01 00 00 4c 8b 5f 40 41
0x00007ffd65a482f0:   8d 47 0f 83 e0 f0 49 83 c3 18 41 2b c7 49 8b d7
0x00007ffd65a48300:   d1 f8 44 8b ce 0f 57 db 49 8d 4b 04 03 c1 4d 8d
0x00007ffd65a48310:   43 04 f7 d8 83 e0 0f 4c 03 c0 4d 8b e0 41 f6 c7
0x00007ffd65a48320:   0f 74 1d 45 85 c9 74 18 8b 02 41 ff c9 66 41 89
0x00007ffd65a48330:   00 0b d8 49 83 c0 02 48 83 c2 04 f6 c2 0f 75 e3
0x00007ffd65a48340:   41 83 f9 08 7e 5f 66 0f 6f 25 42 15 37 01 41 8d
0x00007ffd65a48350:   41 f7 66 0f 6f 2d 46 15 37 01 c1 e8 03 ff c0 8b
0x00007ffd65a48360:   c8 f7 d8 45 8d 0c c1 66 0f 1f 84 00 00 00 00 00
0x00007ffd65a48370:   f3 0f 6f 12 f3 0f 6f 4a 10 0f 56 da 0f 56 d9 48
0x00007ffd65a48380:   83 c2 20 0f 18 02 66 0f fe d4 66 0f fe cc 66 0f
0x00007ffd65a48390:   6b d1 66 0f fd d5 f3 41 0f 7f 10 49 83 c0 10 48
0x00007ffd65a483a0:   83 e9 01 75 cb 66 0f 6f c3 66 0f 6f cb 66 0f 73
0x00007ffd65a483b0:   d8 0c 66 0f 7e c1 66 0f 6f c3 66 0f 73 d9 08 66
0x00007ffd65a483c0:   0f 7e c8 66 0f 73 d8 04 0b c8 66 0f 7e c0 0b c8
0x00007ffd65a483d0:   66 0f 7e d8 0b c8 0b d9 45 85 c9 74 19 0f 1f 00
0x00007ffd65a483e0:   8b 02 0b d8 66 41 89 00 4d 8d 40 02 48 8d 52 04
0x00007ffd65a483f0:   41 83 e9 01 75 ea 45 2b e3 45 89 23 f7 c3 00 00
0x00007ffd65a48400:   ff ff 74 46 ff 87 ac 11 92 00 48 8b 5f 40 49 8b
0x00007ffd65a48410:   d7 4d 63 c6 48 8d 4b 1c e8 23 3a f9 00 c7 43 18
0x00007ffd65a48420:   04 00 00 00 48 63 c5 48 83 e0 fc 48 01 47 40 48
0x00007ffd65a48430:   8b 47 40 48 3b 47 48 0f 82 39 fe ff ff 48 8b cf
0x00007ffd65a48440:   e8 cb ed 21 00 e9 2c fe ff ff 41 c7 42 0c 03 14
0x00007ffd65a48450:   00 00 41 8b 2b 48 8b 47 40 83 c5 03 8d 6c 75 00
0x00007ffd65a48460:   83 e5 fc 83 c5 18 8b cd c1 e1 0b 83 c9 06 89 08 


Stack slot to memory mapping:

stack at sp + 0 slots: 0x00000042bb3ff2d0 is pointing into the stack for thread: 0x0000019171c54390
stack at sp + 1 slots: 0x00007ffd181f4185 jvm.dll
stack at sp + 2 slots: 0x00000042bb3ff1f0 is pointing into the stack for thread: 0x0000019171c54390
stack at sp + 3 slots: 0x00000191074a9f86 is at code_begin+5510 in 
[CodeBlob (0x00000191074a8990)]
Framesize: 0
BufferBlob (0x00000191074a8990) used for native signature handlers
stack at sp + 4 slots: 0x000000000017555d is an unknown value
stack at sp + 5 slots: 0x0000019171c54390 is a thread
stack at sp + 6 slots: {method} {0x000001916473e6c8} 'nglDrawElements' '(IIIJ)V' in 'org/lwjgl/opengl/GL11C'
stack at sp + 7 slots: 0x0000019171c54390 is a thread


---------------  P R O C E S S  ---------------

Threads class SMR info:
_java_thread_list=0x000001916a823ec0, length=17, elements={
0x0000019171c54390, 0x000001917cfbb4b0, 0x000001917cfbbc10, 0x000001917cfc5920,
0x000001917cfc6080, 0x000001917cfcc710, 0x0000019122643b40, 0x000001912265ef00,
0x000001912265f6e0, 0x00000191226e20d0, 0x00000191227b2d90, 0x00000191227b68a0,
0x00000191227b70f0, 0x0000019168204b10, 0x0000019168205180, 0x00000191716fe7e0,
0x00000191228cbf30
}

Java Threads: ( => current thread )
=>0x0000019171c54390 JavaThread "main"                              [_thread_in_native, id=5596, stack(0x00000042bb300000,0x00000042bb400000) (1024K)]
  0x000001917cfbb4b0 JavaThread "Reference Handler"          daemon [_thread_blocked, id=29568, stack(0x00000042bbb00000,0x00000042bbc00000) (1024K)]
  0x000001917cfbbc10 JavaThread "Finalizer"                  daemon [_thread_blocked, id=17188, stack(0x00000042bbc00000,0x00000042bbd00000) (1024K)]
  0x000001917cfc5920 JavaThread "Signal Dispatcher"          daemon [_thread_blocked, id=21132, stack(0x00000042bbd00000,0x00000042bbe00000) (1024K)]
  0x000001917cfc6080 JavaThread "Attach Listener"            daemon [_thread_blocked, id=8004, stack(0x00000042bbe00000,0x00000042bbf00000) (1024K)]
  0x000001917cfcc710 JavaThread "Service Thread"             daemon [_thread_blocked, id=17616, stack(0x00000042bbf00000,0x00000042bc000000) (1024K)]
  0x0000019122643b40 JavaThread "Monitor Deflation Thread"   daemon [_thread_blocked, id=17004, stack(0x00000042bc000000,0x00000042bc100000) (1024K)]
  0x000001912265ef00 JavaThread "C2 CompilerThread0"         daemon [_thread_blocked, id=2544, stack(0x00000042bc100000,0x00000042bc200000) (1024K)]
  0x000001912265f6e0 JavaThread "C1 CompilerThread0"         daemon [_thread_blocked, id=29072, stack(0x00000042bc200000,0x00000042bc300000) (1024K)]
  0x00000191226e20d0 JavaThread "C1 CompilerThread1"         daemon [_thread_blocked, id=12828, stack(0x00000042bc300000,0x00000042bc400000) (1024K)]
  0x00000191227b2d90 JavaThread "Common-Cleaner"             daemon [_thread_blocked, id=15636, stack(0x00000042bc400000,0x00000042bc500000) (1024K)]
  0x00000191227b68a0 JavaThread "C1 CompilerThread2"         daemon [_thread_blocked, id=2336, stack(0x00000042bc500000,0x00000042bc600000) (1024K)]
  0x00000191227b70f0 JavaThread "C1 CompilerThread3"         daemon [_thread_blocked, id=14728, stack(0x00000042bc600000,0x00000042bc700000) (1024K)]
  0x0000019168204b10 JavaThread "Monitor Ctrl-Break"         daemon [_thread_in_native, id=6644, stack(0x00000042bc800000,0x00000042bc900000) (1024K)]
  0x0000019168205180 JavaThread "Notification Thread"        daemon [_thread_blocked, id=28552, stack(0x00000042bc900000,0x00000042bca00000) (1024K)]
  0x00000191716fe7e0 JavaThread "C2 CompilerThread1"         daemon [_thread_blocked, id=6660, stack(0x00000042bdd00000,0x00000042bde00000) (1024K)]
  0x00000191228cbf30 JavaThread "C2 CompilerThread2"         daemon [_thread_blocked, id=28204, stack(0x00000042bde00000,0x00000042bdf00000) (1024K)]
Total: 17

Other Threads:
  0x000001917cf9b730 VMThread "VM Thread"                           [id=6624, stack(0x00000042bba00000,0x00000042bbb00000) (1024K)]
  0x000001917cf85b80 WatcherThread "VM Periodic Task Thread"        [id=10704, stack(0x00000042bb900000,0x00000042bba00000) (1024K)]
  0x000001917ce4cc30 WorkerThread "GC Thread#0"                     [id=6100, stack(0x00000042bb400000,0x00000042bb500000) (1024K)]
  0x00000191714f52b0 WorkerThread "GC Thread#1"                     [id=11220, stack(0x00000042bc700000,0x00000042bc800000) (1024K)]
  0x000001917fdd32e0 WorkerThread "GC Thread#2"                     [id=28932, stack(0x00000042bd200000,0x00000042bd300000) (1024K)]
  0x000001917fdd8930 WorkerThread "GC Thread#3"                     [id=16636, stack(0x00000042bd300000,0x00000042bd400000) (1024K)]
  0x000001917fdd8cd0 WorkerThread "GC Thread#4"                     [id=28524, stack(0x00000042bd400000,0x00000042bd500000) (1024K)]
  0x0000019170778880 WorkerThread "GC Thread#5"                     [id=7040, stack(0x00000042bd500000,0x00000042bd600000) (1024K)]
  0x0000019170777a00 WorkerThread "GC Thread#6"                     [id=1796, stack(0x00000042bd600000,0x00000042bd700000) (1024K)]
  0x0000019170777da0 WorkerThread "GC Thread#7"                     [id=19832, stack(0x00000042bd700000,0x00000042bd800000) (1024K)]
  0x0000019170778fc0 WorkerThread "GC Thread#8"                     [id=20652, stack(0x00000042bd800000,0x00000042bd900000) (1024K)]
  0x0000019170778140 WorkerThread "GC Thread#9"                     [id=28332, stack(0x00000042bd900000,0x00000042bda00000) (1024K)]
  0x00000191707784e0 WorkerThread "GC Thread#10"                    [id=28844, stack(0x00000042bda00000,0x00000042bdb00000) (1024K)]
  0x0000019170778c20 WorkerThread "GC Thread#11"                    [id=21608, stack(0x00000042bdb00000,0x00000042bdc00000) (1024K)]
  0x0000019170779360 WorkerThread "GC Thread#12"                    [id=24988, stack(0x00000042bdc00000,0x00000042bdd00000) (1024K)]
  0x0000019173f01a70 ConcurrentGCThread "G1 Main Marker"            [id=20644, stack(0x00000042bb500000,0x00000042bb600000) (1024K)]
  0x0000019173f03290 WorkerThread "G1 Conc#0"                       [id=6184, stack(0x00000042bb600000,0x00000042bb700000) (1024K)]
  0x0000019173f3e030 ConcurrentGCThread "G1 Refine#0"               [id=19664, stack(0x00000042bb700000,0x00000042bb800000) (1024K)]
  0x0000019173f3e650 ConcurrentGCThread "G1 Service"                [id=25816, stack(0x00000042bb800000,0x00000042bb900000) (1024K)]
Total: 19

Threads with active compile tasks:
Total: 0

VM state: not at safepoint (normal execution)

VM Mutex/Monitor currently owned by a thread: None

Heap address: 0x0000000425000000, size: 15792 MB, Compressed Oops mode: Zero based, Oop shift amount: 3

CDS archive(s) mapped at: [0x0000019123000000-0x0000019123c90000-0x0000019123c90000), size 13172736, SharedBaseAddress: 0x0000019123000000, ArchiveRelocationMode: 1.
Compressed class space mapped at: 0x0000019124000000-0x0000019164000000, reserved size: 1073741824
Narrow klass base: 0x0000019123000000, Narrow klass shift: 0, Narrow klass range: 0x100000000

GC Precious Log:
 CardTable entry size: 512
 Card Set container configuration: InlinePtr #cards 4 size 8 Array Of Cards #cards 64 size 144 Howl #buckets 8 coarsen threshold 14745 Howl Bitmap #cards 2048 size 272 coarsen threshold 1843 Card regions per heap region 1 cards per card region 16384
 CPUs: 16 total, 16 available
 Memory: 63136M
 Large Page Support: Disabled
 NUMA Support: Disabled
 Compressed Oops: Enabled (Zero based)
 Heap Region Size: 8M
 Heap Min Capacity: 8M
 Heap Initial Capacity: 992M
 Heap Max Capacity: 15792M
 Pre-touch: Disabled
 Parallel Workers: 13
 Concurrent Workers: 3
 Concurrent Refinement Workers: 13
 Periodic GC: Disabled

Heap:
 garbage-first heap   total 1015808K, used 25718K [0x0000000425000000, 0x0000000800000000)
  region size 8192K, 3 young (24576K), 1 survivors (8192K)
 Metaspace       used 13906K, committed 14208K, reserved 1114112K
  class space    used 853K, committed 960K, reserved 1048576K

Heap Regions: E=young(eden), S=young(survivor), O=old, HS=humongous(starts), HC=humongous(continues), CS=collection set, F=free, TAMS=top-at-mark-start, PB=parsable bottom
|   0|0x0000000425000000, 0x0000000425800000, 0x0000000425800000|100%| O|  |TAMS 0x0000000425000000| PB 0x0000000425000000| Untracked 
|   1|0x0000000425800000, 0x0000000426000000, 0x0000000426000000|100%| O|  |TAMS 0x0000000425800000| PB 0x0000000425800000| Untracked 
|   2|0x0000000426000000, 0x000000042611db40, 0x0000000426800000| 13%| O|  |TAMS 0x0000000426000000| PB 0x0000000426000000| Untracked 
|   3|0x0000000426800000, 0x0000000426800000, 0x0000000427000000|  0%| F|  |TAMS 0x0000000426800000| PB 0x0000000426800000| Untracked 
|   4|0x0000000427000000, 0x0000000427000000, 0x0000000427800000|  0%| F|  |TAMS 0x0000000427000000| PB 0x0000000427000000| Untracked 
|   5|0x0000000427800000, 0x0000000427800000, 0x0000000428000000|  0%| F|  |TAMS 0x0000000427800000| PB 0x0000000427800000| Untracked 
|   6|0x0000000428000000, 0x0000000428000000, 0x0000000428800000|  0%| F|  |TAMS 0x0000000428000000| PB 0x0000000428000000| Untracked 
|   7|0x0000000428800000, 0x0000000428800000, 0x0000000429000000|  0%| F|  |TAMS 0x0000000428800000| PB 0x0000000428800000| Untracked 
|   8|0x0000000429000000, 0x0000000429000000, 0x0000000429800000|  0%| F|  |TAMS 0x0000000429000000| PB 0x0000000429000000| Untracked 
|   9|0x0000000429800000, 0x0000000429800000, 0x000000042a000000|  0%| F|  |TAMS 0x0000000429800000| PB 0x0000000429800000| Untracked 
|  10|0x000000042a000000, 0x000000042a000000, 0x000000042a800000|  0%| F|  |TAMS 0x000000042a000000| PB 0x000000042a000000| Untracked 
|  11|0x000000042a800000, 0x000000042a800000, 0x000000042b000000|  0%| F|  |TAMS 0x000000042a800000| PB 0x000000042a800000| Untracked 
|  12|0x000000042b000000, 0x000000042b000000, 0x000000042b800000|  0%| F|  |TAMS 0x000000042b000000| PB 0x000000042b000000| Untracked 
|  13|0x000000042b800000, 0x000000042b800000, 0x000000042c000000|  0%| F|  |TAMS 0x000000042b800000| PB 0x000000042b800000| Untracked 
|  14|0x000000042c000000, 0x000000042c000000, 0x000000042c800000|  0%| F|  |TAMS 0x000000042c000000| PB 0x000000042c000000| Untracked 
|  15|0x000000042c800000, 0x000000042c800000, 0x000000042d000000|  0%| F|  |TAMS 0x000000042c800000| PB 0x000000042c800000| Untracked 
|  16|0x000000042d000000, 0x000000042d000000, 0x000000042d800000|  0%| F|  |TAMS 0x000000042d000000| PB 0x000000042d000000| Untracked 
|  17|0x000000042d800000, 0x000000042d800000, 0x000000042e000000|  0%| F|  |TAMS 0x000000042d800000| PB 0x000000042d800000| Untracked 
|  18|0x000000042e000000, 0x000000042e000000, 0x000000042e800000|  0%| F|  |TAMS 0x000000042e000000| PB 0x000000042e000000| Untracked 
|  19|0x000000042e800000, 0x000000042e800000, 0x000000042f000000|  0%| F|  |TAMS 0x000000042e800000| PB 0x000000042e800000| Untracked 
|  20|0x000000042f000000, 0x000000042f000000, 0x000000042f800000|  0%| F|  |TAMS 0x000000042f000000| PB 0x000000042f000000| Untracked 
|  21|0x000000042f800000, 0x000000042f800000, 0x0000000430000000|  0%| F|  |TAMS 0x000000042f800000| PB 0x000000042f800000| Untracked 
|  22|0x0000000430000000, 0x0000000430000000, 0x0000000430800000|  0%| F|  |TAMS 0x0000000430000000| PB 0x0000000430000000| Untracked 
|  23|0x0000000430800000, 0x0000000430800000, 0x0000000431000000|  0%| F|  |TAMS 0x0000000430800000| PB 0x0000000430800000| Untracked 
|  24|0x0000000431000000, 0x0000000431000000, 0x0000000431800000|  0%| F|  |TAMS 0x0000000431000000| PB 0x0000000431000000| Untracked 
|  25|0x0000000431800000, 0x0000000431800000, 0x0000000432000000|  0%| F|  |TAMS 0x0000000431800000| PB 0x0000000431800000| Untracked 
|  26|0x0000000432000000, 0x0000000432000000, 0x0000000432800000|  0%| F|  |TAMS 0x0000000432000000| PB 0x0000000432000000| Untracked 
|  27|0x0000000432800000, 0x0000000432800000, 0x0000000433000000|  0%| F|  |TAMS 0x0000000432800000| PB 0x0000000432800000| Untracked 
|  28|0x0000000433000000, 0x0000000433000000, 0x0000000433800000|  0%| F|  |TAMS 0x0000000433000000| PB 0x0000000433000000| Untracked 
|  29|0x0000000433800000, 0x0000000433800000, 0x0000000434000000|  0%| F|  |TAMS 0x0000000433800000| PB 0x0000000433800000| Untracked 
|  30|0x0000000434000000, 0x0000000434000000, 0x0000000434800000|  0%| F|  |TAMS 0x0000000434000000| PB 0x0000000434000000| Untracked 
|  31|0x0000000434800000, 0x0000000434800000, 0x0000000435000000|  0%| F|  |TAMS 0x0000000434800000| PB 0x0000000434800000| Untracked 
|  32|0x0000000435000000, 0x0000000435000000, 0x0000000435800000|  0%| F|  |TAMS 0x0000000435000000| PB 0x0000000435000000| Untracked 
|  33|0x0000000435800000, 0x0000000435800000, 0x0000000436000000|  0%| F|  |TAMS 0x0000000435800000| PB 0x0000000435800000| Untracked 
|  34|0x0000000436000000, 0x0000000436000000, 0x0000000436800000|  0%| F|  |TAMS 0x0000000436000000| PB 0x0000000436000000| Untracked 
|  35|0x0000000436800000, 0x0000000436800000, 0x0000000437000000|  0%| F|  |TAMS 0x0000000436800000| PB 0x0000000436800000| Untracked 
|  36|0x0000000437000000, 0x0000000437000000, 0x0000000437800000|  0%| F|  |TAMS 0x0000000437000000| PB 0x0000000437000000| Untracked 
|  37|0x0000000437800000, 0x0000000437800000, 0x0000000438000000|  0%| F|  |TAMS 0x0000000437800000| PB 0x0000000437800000| Untracked 
|  38|0x0000000438000000, 0x0000000438000000, 0x0000000438800000|  0%| F|  |TAMS 0x0000000438000000| PB 0x0000000438000000| Untracked 
|  39|0x0000000438800000, 0x0000000438800000, 0x0000000439000000|  0%| F|  |TAMS 0x0000000438800000| PB 0x0000000438800000| Untracked 
|  40|0x0000000439000000, 0x0000000439000000, 0x0000000439800000|  0%| F|  |TAMS 0x0000000439000000| PB 0x0000000439000000| Untracked 
|  41|0x0000000439800000, 0x0000000439800000, 0x000000043a000000|  0%| F|  |TAMS 0x0000000439800000| PB 0x0000000439800000| Untracked 
|  42|0x000000043a000000, 0x000000043a000000, 0x000000043a800000|  0%| F|  |TAMS 0x000000043a000000| PB 0x000000043a000000| Untracked 
|  43|0x000000043a800000, 0x000000043a800000, 0x000000043b000000|  0%| F|  |TAMS 0x000000043a800000| PB 0x000000043a800000| Untracked 
|  44|0x000000043b000000, 0x000000043b000000, 0x000000043b800000|  0%| F|  |TAMS 0x000000043b000000| PB 0x000000043b000000| Untracked 
|  45|0x000000043b800000, 0x000000043b800000, 0x000000043c000000|  0%| F|  |TAMS 0x000000043b800000| PB 0x000000043b800000| Untracked 
|  46|0x000000043c000000, 0x000000043c000000, 0x000000043c800000|  0%| F|  |TAMS 0x000000043c000000| PB 0x000000043c000000| Untracked 
|  47|0x000000043c800000, 0x000000043c800000, 0x000000043d000000|  0%| F|  |TAMS 0x000000043c800000| PB 0x000000043c800000| Untracked 
|  48|0x000000043d000000, 0x000000043d000000, 0x000000043d800000|  0%| F|  |TAMS 0x000000043d000000| PB 0x000000043d000000| Untracked 
|  49|0x000000043d800000, 0x000000043d800000, 0x000000043e000000|  0%| F|  |TAMS 0x000000043d800000| PB 0x000000043d800000| Untracked 
|  50|0x000000043e000000, 0x000000043e000000, 0x000000043e800000|  0%| F|  |TAMS 0x000000043e000000| PB 0x000000043e000000| Untracked 
|  51|0x000000043e800000, 0x000000043e800000, 0x000000043f000000|  0%| F|  |TAMS 0x000000043e800000| PB 0x000000043e800000| Untracked 
|  52|0x000000043f000000, 0x000000043f000000, 0x000000043f800000|  0%| F|  |TAMS 0x000000043f000000| PB 0x000000043f000000| Untracked 
|  53|0x000000043f800000, 0x000000043f800000, 0x0000000440000000|  0%| F|  |TAMS 0x000000043f800000| PB 0x000000043f800000| Untracked 
|  54|0x0000000440000000, 0x0000000440000000, 0x0000000440800000|  0%| F|  |TAMS 0x0000000440000000| PB 0x0000000440000000| Untracked 
|  55|0x0000000440800000, 0x0000000440800000, 0x0000000441000000|  0%| F|  |TAMS 0x0000000440800000| PB 0x0000000440800000| Untracked 
|  56|0x0000000441000000, 0x0000000441000000, 0x0000000441800000|  0%| F|  |TAMS 0x0000000441000000| PB 0x0000000441000000| Untracked 
|  57|0x0000000441800000, 0x0000000441800000, 0x0000000442000000|  0%| F|  |TAMS 0x0000000441800000| PB 0x0000000441800000| Untracked 
|  58|0x0000000442000000, 0x0000000442000000, 0x0000000442800000|  0%| F|  |TAMS 0x0000000442000000| PB 0x0000000442000000| Untracked 
|  59|0x0000000442800000, 0x0000000442800000, 0x0000000443000000|  0%| F|  |TAMS 0x0000000442800000| PB 0x0000000442800000| Untracked 
|  60|0x0000000443000000, 0x0000000443000000, 0x0000000443800000|  0%| F|  |TAMS 0x0000000443000000| PB 0x0000000443000000| Untracked 
|  61|0x0000000443800000, 0x0000000443800000, 0x0000000444000000|  0%| F|  |TAMS 0x0000000443800000| PB 0x0000000443800000| Untracked 
|  62|0x0000000444000000, 0x0000000444000000, 0x0000000444800000|  0%| F|  |TAMS 0x0000000444000000| PB 0x0000000444000000| Untracked 
|  63|0x0000000444800000, 0x0000000444800000, 0x0000000445000000|  0%| F|  |TAMS 0x0000000444800000| PB 0x0000000444800000| Untracked 
|  64|0x0000000445000000, 0x0000000445000000, 0x0000000445800000|  0%| F|  |TAMS 0x0000000445000000| PB 0x0000000445000000| Untracked 
|  65|0x0000000445800000, 0x0000000445800000, 0x0000000446000000|  0%| F|  |TAMS 0x0000000445800000| PB 0x0000000445800000| Untracked 
|  66|0x0000000446000000, 0x0000000446000000, 0x0000000446800000|  0%| F|  |TAMS 0x0000000446000000| PB 0x0000000446000000| Untracked 
|  67|0x0000000446800000, 0x0000000446800000, 0x0000000447000000|  0%| F|  |TAMS 0x0000000446800000| PB 0x0000000446800000| Untracked 
|  68|0x0000000447000000, 0x0000000447000000, 0x0000000447800000|  0%| F|  |TAMS 0x0000000447000000| PB 0x0000000447000000| Untracked 
|  69|0x0000000447800000, 0x0000000447800000, 0x0000000448000000|  0%| F|  |TAMS 0x0000000447800000| PB 0x0000000447800000| Untracked 
|  70|0x0000000448000000, 0x0000000448000000, 0x0000000448800000|  0%| F|  |TAMS 0x0000000448000000| PB 0x0000000448000000| Untracked 
|  71|0x0000000448800000, 0x0000000448800000, 0x0000000449000000|  0%| F|  |TAMS 0x0000000448800000| PB 0x0000000448800000| Untracked 
|  72|0x0000000449000000, 0x0000000449000000, 0x0000000449800000|  0%| F|  |TAMS 0x0000000449000000| PB 0x0000000449000000| Untracked 
|  73|0x0000000449800000, 0x0000000449800000, 0x000000044a000000|  0%| F|  |TAMS 0x0000000449800000| PB 0x0000000449800000| Untracked 
|  74|0x000000044a000000, 0x000000044a000000, 0x000000044a800000|  0%| F|  |TAMS 0x000000044a000000| PB 0x000000044a000000| Untracked 
|  75|0x000000044a800000, 0x000000044a800000, 0x000000044b000000|  0%| F|  |TAMS 0x000000044a800000| PB 0x000000044a800000| Untracked 
|  76|0x000000044b000000, 0x000000044b000000, 0x000000044b800000|  0%| F|  |TAMS 0x000000044b000000| PB 0x000000044b000000| Untracked 
|  77|0x000000044b800000, 0x000000044b800000, 0x000000044c000000|  0%| F|  |TAMS 0x000000044b800000| PB 0x000000044b800000| Untracked 
|  78|0x000000044c000000, 0x000000044c000000, 0x000000044c800000|  0%| F|  |TAMS 0x000000044c000000| PB 0x000000044c000000| Untracked 
|  79|0x000000044c800000, 0x000000044c800000, 0x000000044d000000|  0%| F|  |TAMS 0x000000044c800000| PB 0x000000044c800000| Untracked 
|  80|0x000000044d000000, 0x000000044d000000, 0x000000044d800000|  0%| F|  |TAMS 0x000000044d000000| PB 0x000000044d000000| Untracked 
|  81|0x000000044d800000, 0x000000044d800000, 0x000000044e000000|  0%| F|  |TAMS 0x000000044d800000| PB 0x000000044d800000| Untracked 
|  82|0x000000044e000000, 0x000000044e000000, 0x000000044e800000|  0%| F|  |TAMS 0x000000044e000000| PB 0x000000044e000000| Untracked 
|  83|0x000000044e800000, 0x000000044e800000, 0x000000044f000000|  0%| F|  |TAMS 0x000000044e800000| PB 0x000000044e800000| Untracked 
|  84|0x000000044f000000, 0x000000044f000000, 0x000000044f800000|  0%| F|  |TAMS 0x000000044f000000| PB 0x000000044f000000| Untracked 
|  85|0x000000044f800000, 0x000000044f800000, 0x0000000450000000|  0%| F|  |TAMS 0x000000044f800000| PB 0x000000044f800000| Untracked 
|  86|0x0000000450000000, 0x0000000450000000, 0x0000000450800000|  0%| F|  |TAMS 0x0000000450000000| PB 0x0000000450000000| Untracked 
|  87|0x0000000450800000, 0x0000000450800000, 0x0000000451000000|  0%| F|  |TAMS 0x0000000450800000| PB 0x0000000450800000| Untracked 
|  88|0x0000000451000000, 0x0000000451000000, 0x0000000451800000|  0%| F|  |TAMS 0x0000000451000000| PB 0x0000000451000000| Untracked 
|  89|0x0000000451800000, 0x0000000451800000, 0x0000000452000000|  0%| F|  |TAMS 0x0000000451800000| PB 0x0000000451800000| Untracked 
|  90|0x0000000452000000, 0x0000000452000000, 0x0000000452800000|  0%| F|  |TAMS 0x0000000452000000| PB 0x0000000452000000| Untracked 
|  91|0x0000000452800000, 0x0000000452800000, 0x0000000453000000|  0%| F|  |TAMS 0x0000000452800000| PB 0x0000000452800000| Untracked 
|  92|0x0000000453000000, 0x0000000453000000, 0x0000000453800000|  0%| F|  |TAMS 0x0000000453000000| PB 0x0000000453000000| Untracked 
|  93|0x0000000453800000, 0x0000000453800000, 0x0000000454000000|  0%| F|  |TAMS 0x0000000453800000| PB 0x0000000453800000| Untracked 
|  94|0x0000000454000000, 0x0000000454000000, 0x0000000454800000|  0%| F|  |TAMS 0x0000000454000000| PB 0x0000000454000000| Untracked 
|  95|0x0000000454800000, 0x0000000454800000, 0x0000000455000000|  0%| F|  |TAMS 0x0000000454800000| PB 0x0000000454800000| Untracked 
|  96|0x0000000455000000, 0x0000000455000000, 0x0000000455800000|  0%| F|  |TAMS 0x0000000455000000| PB 0x0000000455000000| Untracked 
|  97|0x0000000455800000, 0x0000000455800000, 0x0000000456000000|  0%| F|  |TAMS 0x0000000455800000| PB 0x0000000455800000| Untracked 
|  98|0x0000000456000000, 0x0000000456000000, 0x0000000456800000|  0%| F|  |TAMS 0x0000000456000000| PB 0x0000000456000000| Untracked 
|  99|0x0000000456800000, 0x0000000456800000, 0x0000000457000000|  0%| F|  |TAMS 0x0000000456800000| PB 0x0000000456800000| Untracked 
| 100|0x0000000457000000, 0x0000000457000000, 0x0000000457800000|  0%| F|  |TAMS 0x0000000457000000| PB 0x0000000457000000| Untracked 
| 101|0x0000000457800000, 0x0000000457800000, 0x0000000458000000|  0%| F|  |TAMS 0x0000000457800000| PB 0x0000000457800000| Untracked 
| 102|0x0000000458000000, 0x0000000458000000, 0x0000000458800000|  0%| F|  |TAMS 0x0000000458000000| PB 0x0000000458000000| Untracked 
| 103|0x0000000458800000, 0x0000000458800000, 0x0000000459000000|  0%| F|  |TAMS 0x0000000458800000| PB 0x0000000458800000| Untracked 
| 104|0x0000000459000000, 0x0000000459000000, 0x0000000459800000|  0%| F|  |TAMS 0x0000000459000000| PB 0x0000000459000000| Untracked 
| 105|0x0000000459800000, 0x0000000459800000, 0x000000045a000000|  0%| F|  |TAMS 0x0000000459800000| PB 0x0000000459800000| Untracked 
| 106|0x000000045a000000, 0x000000045a000000, 0x000000045a800000|  0%| F|  |TAMS 0x000000045a000000| PB 0x000000045a000000| Untracked 
| 107|0x000000045a800000, 0x000000045a800000, 0x000000045b000000|  0%| F|  |TAMS 0x000000045a800000| PB 0x000000045a800000| Untracked 
| 108|0x000000045b000000, 0x000000045b000000, 0x000000045b800000|  0%| F|  |TAMS 0x000000045b000000| PB 0x000000045b000000| Untracked 
| 109|0x000000045b800000, 0x000000045b800000, 0x000000045c000000|  0%| F|  |TAMS 0x000000045b800000| PB 0x000000045b800000| Untracked 
| 110|0x000000045c000000, 0x000000045c000000, 0x000000045c800000|  0%| F|  |TAMS 0x000000045c000000| PB 0x000000045c000000| Untracked 
| 111|0x000000045c800000, 0x000000045c800000, 0x000000045d000000|  0%| F|  |TAMS 0x000000045c800000| PB 0x000000045c800000| Untracked 
| 112|0x000000045d000000, 0x000000045d000000, 0x000000045d800000|  0%| F|  |TAMS 0x000000045d000000| PB 0x000000045d000000| Untracked 
| 113|0x000000045d800000, 0x000000045d800000, 0x000000045e000000|  0%| F|  |TAMS 0x000000045d800000| PB 0x000000045d800000| Untracked 
| 114|0x000000045e000000, 0x000000045e000000, 0x000000045e800000|  0%| F|  |TAMS 0x000000045e000000| PB 0x000000045e000000| Untracked 
| 115|0x000000045e800000, 0x000000045e800000, 0x000000045f000000|  0%| F|  |TAMS 0x000000045e800000| PB 0x000000045e800000| Untracked 
| 116|0x000000045f000000, 0x000000045f000000, 0x000000045f800000|  0%| F|  |TAMS 0x000000045f000000| PB 0x000000045f000000| Untracked 
| 117|0x000000045f800000, 0x000000045f800000, 0x0000000460000000|  0%| F|  |TAMS 0x000000045f800000| PB 0x000000045f800000| Untracked 
| 118|0x0000000460000000, 0x0000000460800000, 0x0000000460800000|100%| S|CS|TAMS 0x0000000460000000| PB 0x0000000460000000| Complete 
| 119|0x0000000460800000, 0x0000000460800000, 0x0000000461000000|  0%| F|  |TAMS 0x0000000460800000| PB 0x0000000460800000| Untracked 
| 120|0x0000000461000000, 0x0000000461000000, 0x0000000461800000|  0%| F|  |TAMS 0x0000000461000000| PB 0x0000000461000000| Untracked 
| 121|0x0000000461800000, 0x0000000461800000, 0x0000000462000000|  0%| F|  |TAMS 0x0000000461800000| PB 0x0000000461800000| Untracked 
| 122|0x0000000462000000, 0x00000004622bfe10, 0x0000000462800000| 34%| E|  |TAMS 0x0000000462000000| PB 0x0000000462000000| Complete 
| 123|0x0000000462800000, 0x0000000462e47650, 0x0000000463000000| 78%| E|  |TAMS 0x0000000462800000| PB 0x0000000462800000| Complete 

Card table byte_map: [0x000001910f000000,0x0000019110ee0000] _byte_map_base: 0x000001910ced8000

Marking Bits: (CMBitMap*) 0x0000019173ef18f0
 Bits: [0x0000019110ee0000, 0x00000191205a0000)

Polling page: 0x0000019173560000

Metaspace:

Usage:
  Non-class:     12.75 MB used.
      Class:    853.20 KB used.
       Both:     13.58 MB used.

Virtual space:
  Non-class space:       64.00 MB reserved,      12.94 MB ( 20%) committed,  1 nodes.
      Class space:        1.00 GB reserved,     960.00 KB ( <1%) committed,  1 nodes.
             Both:        1.06 GB reserved,      13.88 MB (  1%) committed. 

Chunk freelists:
   Non-Class:  1.80 MB
       Class:  15.04 MB
        Both:  16.83 MB

MaxMetaspaceSize: unlimited
CompressedClassSpaceSize: 1.00 GB
Initial GC threshold: 21.00 MB
Current GC threshold: 21.00 MB
CDS: on
 - commit_granule_bytes: 65536.
 - commit_granule_words: 8192.
 - virtual_space_node_default_size: 8388608.
 - enlarge_chunks_in_place: 1.
 - use_allocation_guard: 0.


Internal statistics:

num_allocs_failed_limit: 0.
num_arena_births: 252.
num_arena_deaths: 0.
num_vsnodes_births: 2.
num_vsnodes_deaths: 0.
num_space_committed: 219.
num_space_uncommitted: 0.
num_chunks_returned_to_freelist: 0.
num_chunks_taken_from_freelist: 689.
num_chunk_merges: 0.
num_chunk_splits: 502.
num_chunks_enlarged: 372.
num_inconsistent_stats: 0.

CodeHeap 'non-profiled nmethods': size=119168Kb used=741Kb max_used=741Kb free=118426Kb
 bounds [0x0000019107ba0000, 0x0000019107e10000, 0x000001910f000000]
CodeHeap 'profiled nmethods': size=119104Kb used=3383Kb max_used=3383Kb free=115720Kb
 bounds [0x0000019100000000, 0x0000019100350000, 0x0000019107450000]
CodeHeap 'non-nmethods': size=7488Kb used=4710Kb max_used=4735Kb free=2778Kb
 bounds [0x0000019107450000, 0x0000019107900000, 0x0000019107ba0000]
 total_blobs=3248 nmethods=1778 adapters=1372
 compilation: enabled
              stopped_count=0, restarted_count=0
 full_count=0

Compilation events (20 events):
Event: 1.635 Thread 0x000001912265ef00 nmethod 1767 0x0000019107c52f90 code [0x0000019107c53120, 0x0000019107c531a8]
Event: 1.635 Thread 0x000001912265f6e0 nmethod 1768 0x000001910034b910 code [0x000001910034bae0, 0x000001910034be08]
Event: 1.636 Thread 0x000001912265f6e0 1769       1       java.lang.invoke.MethodHandleNatives::isPullModeBSM (2 bytes)
Event: 1.636 Thread 0x00000191226e20d0 1770       3       java.lang.invoke.ConstantCallSite::getTarget (20 bytes)
Event: 1.636 Thread 0x000001912265f6e0 nmethod 1769 0x0000019107c53290 code [0x0000019107c53420, 0x0000019107c534c8]
Event: 1.636 Thread 0x00000191226e20d0 nmethod 1770 0x000001910034bf90 code [0x000001910034c140, 0x000001910034c370]
Event: 1.639 Thread 0x000001912265f6e0 1772       3       com.github.quillraven.fleks.Entity$Companion::getNONE (4 bytes)
Event: 1.639 Thread 0x00000191226e20d0 1773       3       com.github.quillraven.fleks.Entity::access$getNONE$cp (4 bytes)
Event: 1.639 Thread 0x000001912265f6e0 nmethod 1772 0x000001910034c490 code [0x000001910034c640, 0x000001910034c7b0]
Event: 1.639 Thread 0x00000191226e20d0 nmethod 1773 0x000001910034c890 code [0x000001910034ca20, 0x000001910034cb18]
Event: 1.639 Thread 0x00000191227b70f0 1774       3       java.lang.Integer::floatValue (6 bytes)
Event: 1.639 Thread 0x00000191227b70f0 nmethod 1774 0x000001910034cb90 code [0x000001910034cd20, 0x000001910034ce30]
Event: 1.639 Thread 0x000001912265f6e0 1775       3       jdk.internal.misc.CDS::isDumpingArchive (4 bytes)
Event: 1.639 Thread 0x000001912265f6e0 nmethod 1775 0x000001910034ce90 code [0x000001910034d020, 0x000001910034d110]
Event: 1.639 Thread 0x000001912265f6e0 1776       1       rune.renderer.renderer3d.SubMesh::getMaterial (5 bytes)
Event: 1.639 Thread 0x00000191226e20d0 1777       3       jdk.internal.misc.Unsafe::putIntUnaligned (14 bytes)
Event: 1.639 Thread 0x00000191227b70f0 1778       3       jdk.internal.misc.Unsafe::putIntUnaligned (79 bytes)
Event: 1.639 Thread 0x000001912265f6e0 nmethod 1776 0x0000019107c53990 code [0x0000019107c53b20, 0x0000019107c53bf0]
Event: 1.639 Thread 0x00000191226e20d0 nmethod 1777 0x000001910034d190 code [0x000001910034d340, 0x000001910034d590]
Event: 1.640 Thread 0x00000191227b70f0 nmethod 1778 0x000001910034d690 code [0x000001910034d860, 0x000001910034dc00]

GC Heap History (4 events):
Event: 1.495 GC heap before
{Heap before GC invocations=0 (full 0):
 garbage-first heap   total 1015808K, used 49152K [0x0000000425000000, 0x0000000800000000)
  region size 8192K, 6 young (49152K), 0 survivors (0K)
 Metaspace       used 13252K, committed 13504K, reserved 1114112K
  class space    used 801K, committed 896K, reserved 1048576K
}
Event: 1.497 GC heap after
{Heap after GC invocations=1 (full 0):
 garbage-first heap   total 1015808K, used 8883K [0x0000000425000000, 0x0000000800000000)
  region size 8192K, 1 young (8192K), 1 survivors (8192K)
 Metaspace       used 13252K, committed 13504K, reserved 1114112K
  class space    used 801K, committed 896K, reserved 1048576K
}
Event: 1.611 GC heap before
{Heap before GC invocations=1 (full 0):
 garbage-first heap   total 1015808K, used 49843K [0x0000000425000000, 0x0000000800000000)
  region size 8192K, 6 young (49152K), 1 survivors (8192K)
 Metaspace       used 13798K, committed 14080K, reserved 1114112K
  class space    used 836K, committed 960K, reserved 1048576K
}
Event: 1.614 GC heap after
{Heap after GC invocations=2 (full 0):
 garbage-first heap   total 1015808K, used 25718K [0x0000000425000000, 0x0000000800000000)
  region size 8192K, 1 young (8192K), 1 survivors (8192K)
 Metaspace       used 13798K, committed 14080K, reserved 1114112K
  class space    used 836K, committed 960K, reserved 1048576K
}

Dll operation events (15 events):
Event: 0.004 Loaded shared library C:\Program Files\Eclipse Adoptium\jdk-21.0.1.12-hotspot\bin\java.dll
Event: 0.020 Loaded shared library C:\Program Files\Eclipse Adoptium\jdk-21.0.1.12-hotspot\bin\jsvml.dll
Event: 0.053 Loaded shared library C:\Program Files\Eclipse Adoptium\jdk-21.0.1.12-hotspot\bin\zip.dll
Event: 0.055 Loaded shared library C:\Program Files\Eclipse Adoptium\jdk-21.0.1.12-hotspot\bin\instrument.dll
Event: 0.057 Loaded shared library C:\Program Files\Eclipse Adoptium\jdk-21.0.1.12-hotspot\bin\net.dll
Event: 0.058 Loaded shared library C:\Program Files\Eclipse Adoptium\jdk-21.0.1.12-hotspot\bin\nio.dll
Event: 0.060 Loaded shared library C:\Program Files\Eclipse Adoptium\jdk-21.0.1.12-hotspot\bin\zip.dll
Event: 0.103 Loaded shared library C:\Program Files\JetBrains\IntelliJ IDEA Community Edition 2023.3.3\bin\breakgen64.dll
Event: 0.107 Loaded shared library C:\Program Files\Eclipse Adoptium\jdk-21.0.1.12-hotspot\bin\extnet.dll
Event: 0.131 Loaded shared library C:\Program Files\Eclipse Adoptium\jdk-21.0.1.12-hotspot\bin\jimage.dll
Event: 0.140 Loaded shared library C:\Users\nohan\AppData\Local\Temp\lwjgl_nohan\3.3.6+1\x64\lwjgl.dll
Event: 0.327 Loaded shared library C:\Users\nohan\AppData\Local\Temp\lwjgl_nohan\3.3.6+1\x64\lwjgl_opengl.dll
Event: 0.523 Loaded shared library C:\Users\nohan\AppData\Local\Temp\imgui-java-natives\1.89.0\imgui-java64.dll
Event: 1.283 Loaded shared library C:\Users\nohan\AppData\Local\Temp\lwjgl_nohan\3.3.6+1\x64\lwjgl_stb.dll
Event: 1.333 Loaded shared library C:\Users\nohan\AppData\Local\Temp\libgdxnohan\271beab6\gdx-box2d64.dll

Deoptimization events (20 events):
Event: 1.256 Thread 0x0000019171c54390 DEOPT PACKING pc=0x0000019107c2a144 sp=0x00000042bb3f1990
Event: 1.256 Thread 0x0000019171c54390 DEOPT UNPACKING pc=0x00000191074a7da2 sp=0x00000042bb3f1908 mode 2
Event: 1.256 Thread 0x0000019171c54390 Uncommon trap: trap_request=0xffffffde fr.pc=0x0000019107c2a144 relative=0x0000000000000124
Event: 1.256 Thread 0x0000019171c54390 Uncommon trap: reason=class_check action=maybe_recompile pc=0x0000019107c2a144 method=jdk.internal.misc.Unsafe.allocateUninitializedArray(Ljava/lang/Class;I)Ljava/lang/Object; @ 51 c2
Event: 1.256 Thread 0x0000019171c54390 DEOPT PACKING pc=0x0000019107c2a144 sp=0x00000042bb3f14e0
Event: 1.256 Thread 0x0000019171c54390 DEOPT UNPACKING pc=0x00000191074a7da2 sp=0x00000042bb3f1458 mode 2
Event: 1.256 Thread 0x0000019171c54390 Uncommon trap: trap_request=0xffffffde fr.pc=0x0000019107c2a144 relative=0x0000000000000124
Event: 1.256 Thread 0x0000019171c54390 Uncommon trap: reason=class_check action=maybe_recompile pc=0x0000019107c2a144 method=jdk.internal.misc.Unsafe.allocateUninitializedArray(Ljava/lang/Class;I)Ljava/lang/Object; @ 51 c2
Event: 1.256 Thread 0x0000019171c54390 DEOPT PACKING pc=0x0000019107c2a144 sp=0x00000042bb3f1990
Event: 1.256 Thread 0x0000019171c54390 DEOPT UNPACKING pc=0x00000191074a7da2 sp=0x00000042bb3f1908 mode 2
Event: 1.284 Thread 0x0000019171c54390 DEOPT PACKING pc=0x0000019100066a59 sp=0x00000042bb3fd4a0
Event: 1.284 Thread 0x0000019171c54390 DEOPT UNPACKING pc=0x00000191074a88e2 sp=0x00000042bb3fc9a0 mode 0
Event: 1.332 Thread 0x0000019171c54390 Uncommon trap: trap_request=0xffffff45 fr.pc=0x0000019107c22490 relative=0x0000000000000230
Event: 1.332 Thread 0x0000019171c54390 Uncommon trap: reason=unstable_if action=reinterpret pc=0x0000019107c22490 method=java.io.WinNTFileSystem.normalize(Ljava/lang/String;)Ljava/lang/String; @ 49 c2
Event: 1.332 Thread 0x0000019171c54390 DEOPT PACKING pc=0x0000019107c22490 sp=0x00000042bb3fe930
Event: 1.332 Thread 0x0000019171c54390 DEOPT UNPACKING pc=0x00000191074a7da2 sp=0x00000042bb3fe8a0 mode 2
Event: 1.332 Thread 0x0000019171c54390 Uncommon trap: trap_request=0xffffff45 fr.pc=0x0000019107c2dc34 relative=0x0000000000001a94
Event: 1.332 Thread 0x0000019171c54390 Uncommon trap: reason=unstable_if action=reinterpret pc=0x0000019107c2dc34 method=java.io.WinNTFileSystem.normalize(Ljava/lang/String;II)Ljava/lang/String; @ 100 c2
Event: 1.332 Thread 0x0000019171c54390 DEOPT PACKING pc=0x0000019107c2dc34 sp=0x00000042bb3fe800
Event: 1.332 Thread 0x0000019171c54390 DEOPT UNPACKING pc=0x00000191074a7da2 sp=0x00000042bb3fe818 mode 2

Classes loaded (20 events):
Event: 1.020 Loading class sun/util/resources/cldr/TimeZoneNames_en_US
Event: 1.020 Loading class sun/util/resources/cldr/TimeZoneNames_en_US done
Event: 1.243 Loading class java/lang/ArrayIndexOutOfBoundsException
Event: 1.243 Loading class java/lang/ArrayIndexOutOfBoundsException done
Event: 1.247 Loading class java/util/NoSuchElementException
Event: 1.247 Loading class java/util/NoSuchElementException done
Event: 1.303 Loading class java/util/regex/Pattern$BnM
Event: 1.303 Loading class java/util/regex/Pattern$BnM done
Event: 1.304 Loading class java/util/concurrent/atomic/AtomicReferenceFieldUpdater
Event: 1.304 Loading class java/util/concurrent/atomic/AtomicReferenceFieldUpdater done
Event: 1.304 Loading class java/util/concurrent/atomic/AtomicReferenceFieldUpdater$AtomicReferenceFieldUpdaterImpl
Event: 1.304 Loading class java/util/concurrent/atomic/AtomicReferenceFieldUpdater$AtomicReferenceFieldUpdaterImpl done
Event: 1.304 Loading class java/util/concurrent/atomic/AtomicReferenceFieldUpdater$AtomicReferenceFieldUpdaterImpl$1
Event: 1.304 Loading class java/util/concurrent/atomic/AtomicReferenceFieldUpdater$AtomicReferenceFieldUpdaterImpl$1 done
Event: 1.304 Loading class sun/reflect/misc/ReflectUtil
Event: 1.304 Loading class sun/reflect/misc/ReflectUtil done
Event: 1.312 Loading class java/util/Arrays$ArrayItr
Event: 1.312 Loading class java/util/Arrays$ArrayItr done
Event: 1.330 Loading class java/io/FileNotFoundException
Event: 1.330 Loading class java/io/FileNotFoundException done

Classes unloaded (0 events):
No events

Classes redefined (0 events):
No events

Internal exceptions (20 events):
Event: 0.478 Thread 0x0000019171c54390 Exception <a 'java/lang/NoSuchMethodError'{0x0000000461fef260}: 'void java.lang.invoke.DirectMethodHandle$Holder.invokeStatic(java.lang.Object, java.lang.Object, long)'> (0x0000000461fef260) 
thrown [s\src\hotspot\share\interpreter\linkResolver.cpp, line 773]
Event: 0.532 Thread 0x0000019171c54390 Exception <a 'java/lang/NoSuchMethodError'{0x00000004612100d8}: 'void java.lang.invoke.DirectMethodHandle$Holder.invokeVirtual(java.lang.Object, java.lang.Object, long, int)'> (0x00000004612100d8) 
thrown [s\src\hotspot\share\interpreter\linkResolver.cpp, line 773]
Event: 0.533 Thread 0x0000019171c54390 Exception <a 'java/lang/NoSuchMethodError'{0x000000046121c240}: 'void java.lang.invoke.DirectMethodHandle$Holder.invokeVirtual(java.lang.Object, java.lang.Object, long, double, double)'> (0x000000046121c240) 
thrown [s\src\hotspot\share\interpreter\linkResolver.cpp, line 773]
Event: 0.533 Thread 0x0000019171c54390 Exception <a 'java/lang/NoSuchMethodError'{0x00000004612214d8}: 'void java.lang.invoke.DirectMethodHandle$Holder.invokeVirtual(java.lang.Object, java.lang.Object, long, int, int, int)'> (0x00000004612214d8) 
thrown [s\src\hotspot\share\interpreter\linkResolver.cpp, line 773]
Event: 0.534 Thread 0x0000019171c54390 Exception <a 'java/lang/NoSuchMethodError'{0x0000000461228690}: 'void java.lang.invoke.DirectMethodHandle$Holder.invokeVirtual(java.lang.Object, java.lang.Object, long, int, int, int, int)'> (0x0000000461228690) 
thrown [s\src\hotspot\share\interpreter\linkResolver.cpp, line 773]
Event: 0.582 Thread 0x0000019171c54390 Exception <a 'sun/nio/fs/WindowsException'{0x0000000461588820}> (0x0000000461588820) 
thrown [s\src\hotspot\share\prims\jni.cpp, line 520]
Event: 0.582 Thread 0x0000019171c54390 Exception <a 'sun/nio/fs/WindowsException'{0x0000000461588ba8}> (0x0000000461588ba8) 
thrown [s\src\hotspot\share\prims\jni.cpp, line 520]
Event: 0.641 Thread 0x0000019171c54390 Exception <a 'sun/nio/fs/WindowsException'{0x00000004615df7a8}> (0x00000004615df7a8) 
thrown [s\src\hotspot\share\prims\jni.cpp, line 520]
Event: 0.641 Thread 0x0000019171c54390 Exception <a 'sun/nio/fs/WindowsException'{0x00000004615dfb38}> (0x00000004615dfb38) 
thrown [s\src\hotspot\share\prims\jni.cpp, line 520]
Event: 1.021 Thread 0x000001917cfc6080 Exception <a 'java/lang/NoSuchMethodError'{0x0000000460937570}: 'java.lang.Object java.lang.invoke.Invokers$Holder.invokeExact_MT(java.lang.Object, java.lang.Object, java.lang.Object, java.lang.Object, java.lang.Object, java.lang.Object)'> (0x0000000460937570) 
thrown [s\src\hotspot\share\interpreter\linkResolver.cpp, line 773]
Event: 1.280 Thread 0x0000019171c54390 Exception <a 'java/lang/NoSuchMethodError'{0x0000000460ead490}: 'void java.lang.System.load(java.lang.String, java.lang.Class)'> (0x0000000460ead490) 
thrown [s\src\hotspot\share\interpreter\linkResolver.cpp, line 773]
Event: 1.280 Thread 0x0000019171c54390 Exception <a 'java/lang/NoSuchMethodError'{0x0000000460eafe30}: 'void java.lang.System.loadLibrary(java.lang.String, java.lang.Class)'> (0x0000000460eafe30) 
thrown [s\src\hotspot\share\interpreter\linkResolver.cpp, line 773]
Event: 1.283 Thread 0x0000019171c54390 Exception <a 'sun/nio/fs/WindowsException'{0x0000000460ebdee0}> (0x0000000460ebdee0) 
thrown [s\src\hotspot\share\prims\jni.cpp, line 520]
Event: 1.283 Thread 0x0000019171c54390 Exception <a 'sun/nio/fs/WindowsException'{0x0000000460ebe260}> (0x0000000460ebe260) 
thrown [s\src\hotspot\share\prims\jni.cpp, line 520]
Event: 1.322 Thread 0x0000019171c54390 Exception <a 'java/lang/NoSuchMethodError'{0x00000004602d9670}: 'int java.lang.invoke.DirectMethodHandle$Holder.invokeStaticInit(java.lang.Object, java.lang.Object, java.lang.Object)'> (0x00000004602d9670) 
thrown [s\src\hotspot\share\interpreter\linkResolver.cpp, line 773]
Event: 1.464 Thread 0x0000019171c54390 Exception <a 'java/lang/NoSuchMethodError'{0x000000046045b6c8}: 'java.lang.Object java.lang.invoke.DirectMethodHandle$Holder.newInvokeSpecial(java.lang.Object, int, int, int)'> (0x000000046045b6c8) 
thrown [s\src\hotspot\share\interpreter\linkResolver.cpp, line 773]
Event: 1.508 Thread 0x0000019171c54390 Exception <a 'sun/nio/fs/WindowsException'{0x000000046288e910}> (0x000000046288e910) 
thrown [s\src\hotspot\share\prims\jni.cpp, line 520]
Event: 1.508 Thread 0x0000019171c54390 Exception <a 'sun/nio/fs/WindowsException'{0x000000046288ec88}> (0x000000046288ec88) 
thrown [s\src\hotspot\share\prims\jni.cpp, line 520]
Event: 1.529 Thread 0x0000019171c54390 Exception <a 'sun/nio/fs/WindowsException'{0x000000046289e718}> (0x000000046289e718) 
thrown [s\src\hotspot\share\prims\jni.cpp, line 520]
Event: 1.529 Thread 0x0000019171c54390 Exception <a 'sun/nio/fs/WindowsException'{0x000000046289ea98}> (0x000000046289ea98) 
thrown [s\src\hotspot\share\prims\jni.cpp, line 520]

ZGC Phase Switch (0 events):
No events

VM Operations (16 events):
Event: 0.048 Executing VM operation: HandshakeAllThreads (Deoptimize)
Event: 0.048 Executing VM operation: HandshakeAllThreads (Deoptimize) done
Event: 0.128 Executing VM operation: HandshakeAllThreads (Deoptimize)
Event: 0.128 Executing VM operation: HandshakeAllThreads (Deoptimize) done
Event: 0.137 Executing VM operation: HandshakeAllThreads (Deoptimize)
Event: 0.137 Executing VM operation: HandshakeAllThreads (Deoptimize) done
Event: 0.471 Executing VM operation: HandshakeAllThreads (Deoptimize)
Event: 0.471 Executing VM operation: HandshakeAllThreads (Deoptimize) done
Event: 0.534 Executing VM operation: ICBufferFull
Event: 0.534 Executing VM operation: ICBufferFull done
Event: 1.495 Executing VM operation: G1CollectForAllocation (G1 Evacuation Pause)
Event: 1.497 Executing VM operation: G1CollectForAllocation (G1 Evacuation Pause) done
Event: 1.582 Executing VM operation: HandshakeAllThreads (Deoptimize)
Event: 1.582 Executing VM operation: HandshakeAllThreads (Deoptimize) done
Event: 1.610 Executing VM operation: G1CollectForAllocation (G1 Evacuation Pause)
Event: 1.614 Executing VM operation: G1CollectForAllocation (G1 Evacuation Pause) done

Events (20 events):
Event: 0.019 Thread 0x000001917cfcc710 Thread added: 0x000001917cfcc710
Event: 0.019 Thread 0x0000019122643b40 Thread added: 0x0000019122643b40
Event: 0.019 Thread 0x000001912265ef00 Thread added: 0x000001912265ef00
Event: 0.019 Thread 0x000001912265f6e0 Thread added: 0x000001912265f6e0
Event: 0.020 Thread 0x00000191226e20d0 Thread added: 0x00000191226e20d0
Event: 0.046 Thread 0x00000191227b2d90 Thread added: 0x00000191227b2d90
Event: 0.049 Thread 0x00000191227b68a0 Thread added: 0x00000191227b68a0
Event: 0.049 Thread 0x00000191227b70f0 Thread added: 0x00000191227b70f0
Event: 0.051 Thread 0x00000191227c8650 Thread added: 0x00000191227c8650
Event: 0.104 Thread 0x0000019168204b10 Thread added: 0x0000019168204b10
Event: 0.104 Thread 0x0000019168205180 Thread added: 0x0000019168205180
Event: 0.321 Thread 0x00000191227c8650 Thread exited: 0x00000191227c8650
Event: 0.349 Thread 0x000001916a620440 Thread added: 0x000001916a620440
Event: 0.349 Thread 0x000001916a60b4c0 Thread added: 0x000001916a60b4c0
Event: 0.687 Thread 0x000001916a60b4c0 Thread exited: 0x000001916a60b4c0
Event: 0.743 Thread 0x000001916a620440 Thread exited: 0x000001916a620440
Event: 1.022 Thread 0x00000191816bbee0 Thread added: 0x00000191816bbee0
Event: 1.237 Thread 0x00000191816bbee0 Thread exited: 0x00000191816bbee0
Event: 1.579 Thread 0x00000191716fe7e0 Thread added: 0x00000191716fe7e0
Event: 1.580 Thread 0x00000191228cbf30 Thread added: 0x00000191228cbf30


Dynamic libraries:
0x00007ff6bf860000 - 0x00007ff6bf86e000 	C:\Program Files\Eclipse Adoptium\jdk-21.0.1.12-hotspot\bin\java.exe
0x00007ffe13740000 - 0x00007ffe139a6000 	C:\WINDOWS\SYSTEM32\ntdll.dll
0x00007ffe12b10000 - 0x00007ffe12bd9000 	C:\WINDOWS\System32\KERNEL32.DLL
0x00007ffe10f10000 - 0x00007ffe112dc000 	C:\WINDOWS\System32\KERNELBASE.dll
0x00007ffe10c80000 - 0x00007ffe10dcb000 	C:\WINDOWS\System32\ucrtbase.dll
0x00007ffdf3310000 - 0x00007ffdf3328000 	C:\Program Files\Eclipse Adoptium\jdk-21.0.1.12-hotspot\bin\jli.dll
0x00007ffdee9f0000 - 0x00007ffdeea0b000 	C:\Program Files\Eclipse Adoptium\jdk-21.0.1.12-hotspot\bin\VCRUNTIME140.dll
0x00007ffe119f0000 - 0x00007ffe11bba000 	C:\WINDOWS\System32\USER32.dll
0x00007ffdf82a0000 - 0x00007ffdf853a000 	C:\WINDOWS\WinSxS\amd64_microsoft.windows.common-controls_6595b64144ccf1df_6.0.26100.3912_none_3e07963ce335137e\COMCTL32.dll
0x00007ffe10b00000 - 0x00007ffe10b27000 	C:\WINDOWS\System32\win32u.dll
0x00007ffe135a0000 - 0x00007ffe13649000 	C:\WINDOWS\System32\msvcrt.dll
0x00007ffe119c0000 - 0x00007ffe119eb000 	C:\WINDOWS\System32\GDI32.dll
0x00007ffe10dd0000 - 0x00007ffe10f02000 	C:\WINDOWS\System32\gdi32full.dll
0x00007ffe10a50000 - 0x00007ffe10af3000 	C:\WINDOWS\System32\msvcp_win.dll
0x00007ffe11980000 - 0x00007ffe119b0000 	C:\WINDOWS\System32\IMM32.DLL
0x00007ffe04f30000 - 0x00007ffe04f3c000 	C:\Program Files\Eclipse Adoptium\jdk-21.0.1.12-hotspot\bin\vcruntime140_1.dll
0x00007ffdb6980000 - 0x00007ffdb6a0e000 	C:\Program Files\Eclipse Adoptium\jdk-21.0.1.12-hotspot\bin\msvcp140.dll
0x00007ffd17e20000 - 0x00007ffd18ba1000 	C:\Program Files\Eclipse Adoptium\jdk-21.0.1.12-hotspot\bin\server\jvm.dll
0x00007ffe12a50000 - 0x00007ffe12b02000 	C:\WINDOWS\System32\ADVAPI32.dll
0x00007ffe124e0000 - 0x00007ffe12586000 	C:\WINDOWS\System32\sechost.dll
0x00007ffe12590000 - 0x00007ffe126a6000 	C:\WINDOWS\System32\RPCRT4.dll
0x00007ffe118f0000 - 0x00007ffe11964000 	C:\WINDOWS\System32\WS2_32.dll
0x00007ffe0fd20000 - 0x00007ffe0fd7e000 	C:\WINDOWS\SYSTEM32\POWRPROF.dll
0x00007ffe03ff0000 - 0x00007ffe04026000 	C:\WINDOWS\SYSTEM32\WINMM.dll
0x00007ffe09e00000 - 0x00007ffe09e0b000 	C:\WINDOWS\SYSTEM32\VERSION.dll
0x00007ffe0fcd0000 - 0x00007ffe0fce4000 	C:\WINDOWS\SYSTEM32\UMPDC.dll
0x00007ffe0f640000 - 0x00007ffe0f65a000 	C:\WINDOWS\SYSTEM32\kernel.appcore.dll
0x00007ffe04c50000 - 0x00007ffe04c5a000 	C:\Program Files\Eclipse Adoptium\jdk-21.0.1.12-hotspot\bin\jimage.dll
0x00007ffe0d720000 - 0x00007ffe0d961000 	C:\WINDOWS\SYSTEM32\DBGHELP.DLL
0x00007ffe11560000 - 0x00007ffe118e4000 	C:\WINDOWS\System32\combase.dll
0x00007ffe13430000 - 0x00007ffe13510000 	C:\WINDOWS\System32\OLEAUT32.dll
0x00007ffdf8940000 - 0x00007ffdf8979000 	C:\WINDOWS\SYSTEM32\dbgcore.DLL
0x00007ffe11460000 - 0x00007ffe114f9000 	C:\WINDOWS\System32\bcryptPrimitives.dll
0x00007ffe04aa0000 - 0x00007ffe04aaf000 	C:\Program Files\Eclipse Adoptium\jdk-21.0.1.12-hotspot\bin\instrument.dll
0x00007ffdee1f0000 - 0x00007ffdee20f000 	C:\Program Files\Eclipse Adoptium\jdk-21.0.1.12-hotspot\bin\java.dll
0x00007ffe11d40000 - 0x00007ffe1246d000 	C:\WINDOWS\System32\SHELL32.dll
0x00007ffe112e0000 - 0x00007ffe11454000 	C:\WINDOWS\System32\wintypes.dll
0x00007ffe0e520000 - 0x00007ffe0ed76000 	C:\WINDOWS\SYSTEM32\windows.storage.dll
0x00007ffe12bf0000 - 0x00007ffe12cdf000 	C:\WINDOWS\System32\SHCORE.dll
0x00007ffe12470000 - 0x00007ffe124d9000 	C:\WINDOWS\System32\shlwapi.dll
0x00007ffe107e0000 - 0x00007ffe1080f000 	C:\WINDOWS\SYSTEM32\profapi.dll
0x00007ffd5fc40000 - 0x00007ffd5fd17000 	C:\Program Files\Eclipse Adoptium\jdk-21.0.1.12-hotspot\bin\jsvml.dll
0x00007ffdee1c0000 - 0x00007ffdee1d8000 	C:\Program Files\Eclipse Adoptium\jdk-21.0.1.12-hotspot\bin\zip.dll
0x00007ffdf1fd0000 - 0x00007ffdf1fe0000 	C:\Program Files\Eclipse Adoptium\jdk-21.0.1.12-hotspot\bin\net.dll
0x00007ffe050b0000 - 0x00007ffe051ce000 	C:\WINDOWS\SYSTEM32\WINHTTP.dll
0x00007ffe0fc30000 - 0x00007ffe0fc9a000 	C:\WINDOWS\system32\mswsock.dll
0x00007ffdead40000 - 0x00007ffdead56000 	C:\Program Files\Eclipse Adoptium\jdk-21.0.1.12-hotspot\bin\nio.dll
0x00007ffdd57e0000 - 0x00007ffdd57fa000 	C:\Program Files\JetBrains\IntelliJ IDEA Community Edition 2023.3.3\bin\breakgen64.dll
0x00007ffddf970000 - 0x00007ffddf977000 	C:\Program Files\Eclipse Adoptium\jdk-21.0.1.12-hotspot\bin\extnet.dll
0x00007ffdb6900000 - 0x00007ffdb697e000 	C:\Users\nohan\AppData\Local\Temp\lwjgl_nohan\3.3.6+1\x64\lwjgl.dll
0x00007ffd9cda0000 - 0x00007ffd9ce29000 	C:\Users\nohan\AppData\Local\Temp\lwjgl_nohan\3.3.6+1\x64\glfw.dll
0x00007ffdc33e0000 - 0x00007ffdc342b000 	C:\WINDOWS\SYSTEM32\dinput8.dll
0x00007ffdd57c0000 - 0x00007ffdd57d2000 	C:\WINDOWS\SYSTEM32\xinput1_4.dll
0x00007ffe10510000 - 0x00007ffe1053d000 	C:\WINDOWS\SYSTEM32\DEVOBJ.dll
0x00007ffe10540000 - 0x00007ffe10597000 	C:\WINDOWS\SYSTEM32\cfgmgr32.dll
0x00007ffe0d9c0000 - 0x00007ffe0d9f6000 	C:\WINDOWS\SYSTEM32\dwmapi.dll
0x00007ffe044b0000 - 0x00007ffe04691000 	C:\WINDOWS\SYSTEM32\inputhost.dll
0x00007ffe0c7d0000 - 0x00007ffe0c8f6000 	C:\WINDOWS\SYSTEM32\CoreMessaging.dll
0x00007ffe0d540000 - 0x00007ffe0d5ef000 	C:\WINDOWS\system32\uxtheme.dll
0x00007ffe11bd0000 - 0x00007ffe11d2f000 	C:\WINDOWS\System32\MSCTF.dll
0x00007ffe0fef0000 - 0x00007ffe0fefc000 	C:\WINDOWS\SYSTEM32\CRYPTBASE.DLL
0x00007ffd97ab0000 - 0x00007ffd97bbc000 	C:\WINDOWS\SYSTEM32\opengl32.dll
0x00007ffdec490000 - 0x00007ffdec4bd000 	C:\WINDOWS\SYSTEM32\GLU32.dll
0x00007ffe0d970000 - 0x00007ffe0d9b7000 	C:\WINDOWS\SYSTEM32\dxcore.dll
0x00007ffdfa870000 - 0x00007ffdfa88a000 	C:\WINDOWS\SYSTEM32\windows.staterepositorycore.dll
0x00007ffd654e0000 - 0x00007ffd67d76000 	C:\WINDOWS\System32\DriverStore\FileRepository\nvmdi.inf_amd64_f55cb1d07ac1033f\nvoglv64.dll
0x00007ffe12dc0000 - 0x00007ffe13246000 	C:\WINDOWS\System32\SETUPAPI.dll
0x00007ffe128a0000 - 0x00007ffe12a3f000 	C:\WINDOWS\System32\ole32.dll
0x00007ffe0caa0000 - 0x00007ffe0cab6000 	C:\WINDOWS\SYSTEM32\WTSAPI32.dll
0x00007ffe100e0000 - 0x00007ffe100f3000 	C:\WINDOWS\SYSTEM32\msasn1.dll
0x00007ffe09b20000 - 0x00007ffe09b5b000 	C:\WINDOWS\SYSTEM32\cryptnet.dll
0x00007ffe108d0000 - 0x00007ffe10a47000 	C:\WINDOWS\System32\CRYPT32.dll
0x00007ffe0ff90000 - 0x00007ffe0ffed000 	C:\WINDOWS\SYSTEM32\wldp.dll
0x00007ffe098f0000 - 0x00007ffe09a6c000 	C:\WINDOWS\SYSTEM32\drvstore.dll
0x00007ffe10bf0000 - 0x00007ffe10c70000 	C:\WINDOWS\System32\WINTRUST.dll
0x00007ffe0f760000 - 0x00007ffe0f795000 	C:\WINDOWS\SYSTEM32\ntmarta.dll
0x00007ffe13400000 - 0x00007ffe13420000 	C:\WINDOWS\System32\imagehlp.dll
0x00007ffe10080000 - 0x00007ffe1009c000 	C:\WINDOWS\SYSTEM32\CRYPTSP.dll
0x00007ffe0f5a0000 - 0x00007ffe0f5da000 	C:\WINDOWS\system32\rsaenh.dll
0x00007ffe107b0000 - 0x00007ffe107d6000 	C:\WINDOWS\SYSTEM32\bcrypt.dll
0x00007ffe051e0000 - 0x00007ffe08c92000 	C:\WINDOWS\System32\DriverStore\FileRepository\nvmdi.inf_amd64_f55cb1d07ac1033f\nvgpucomp64.dll
0x00007ffdd5e00000 - 0x00007ffdd6106000 	C:\WINDOWS\system32\nvspcap64.dll
0x00007ffe0f870000 - 0x00007ffe0f8d7000 	C:\WINDOWS\SYSTEM32\WINSTA.dll
0x00007ffe048d0000 - 0x00007ffe04a1d000 	C:\WINDOWS\SYSTEM32\textinputframework.dll
0x00007ffe0ac30000 - 0x00007ffe0af13000 	C:\WINDOWS\SYSTEM32\CoreUIComponents.dll
0x00007ffdb60c0000 - 0x00007ffdb611d000 	C:\Users\nohan\AppData\Local\Temp\lwjgl_nohan\3.3.6+1\x64\lwjgl_opengl.dll
0x00007ffd17620000 - 0x00007ffd17e14000 	C:\Users\nohan\AppData\Local\Temp\imgui-java-natives\1.89.0\imgui-java64.dll
0x00007ffd530c0000 - 0x00007ffd5357c000 	C:\Users\nohan\AppData\Local\Temp\lwjgl_nohan\3.3.6+1\x64\shaderc.dll
0x00007ffd55160000 - 0x00007ffd55352000 	C:\Users\nohan\AppData\Local\Temp\lwjgl_nohan\3.3.6+1\x64\spirv-cross.dll
0x00007ffd60bd0000 - 0x00007ffd60c69000 	C:\Users\nohan\AppData\Local\Temp\lwjgl_nohan\3.3.6+1\x64\lwjgl_stb.dll
0x0000000066b00000 - 0x0000000066b5a000 	C:\Users\nohan\AppData\Local\Temp\libgdxnohan\271beab6\gdx-box2d64.dll
0x00007ffd55670000 - 0x00007ffd557a3000 	C:\Users\nohan\AppData\Local\Temp\lwjgl_nohan\3.3.6+1\x64\draco.dll
0x00007ffd170c0000 - 0x00007ffd1761f000 	C:\Users\nohan\AppData\Local\Temp\lwjgl_nohan\3.3.6+1\x64\assimp.dll

dbghelp: loaded successfully - version: 4.0.5 - missing functions: none
symbol engine: initialized successfully - sym options: 0x614 - pdb path: .;C:\Program Files\Eclipse Adoptium\jdk-21.0.1.12-hotspot\bin;C:\WINDOWS\SYSTEM32;C:\WINDOWS\WinSxS\amd64_microsoft.windows.common-controls_6595b64144ccf1df_6.0.26100.3912_none_3e07963ce335137e;C:\Program Files\Eclipse Adoptium\jdk-21.0.1.12-hotspot\bin\server;C:\Program Files\JetBrains\IntelliJ IDEA Community Edition 2023.3.3\bin;C:\Users\nohan\AppData\Local\Temp\lwjgl_nohan\3.3.6+1\x64;C:\WINDOWS\System32\DriverStore\FileRepository\nvmdi.inf_amd64_f55cb1d07ac1033f;C:\Users\nohan\AppData\Local\Temp\imgui-java-natives\1.89.0;C:\Users\nohan\AppData\Local\Temp\libgdxnohan\271beab6

VM Arguments:
jvm_args: -javaagent:C:\Program Files\JetBrains\IntelliJ IDEA Community Edition 2023.3.3\lib\idea_rt.jar=57895:C:\Program Files\JetBrains\IntelliJ IDEA Community Edition 2023.3.3\bin -Dfile.encoding=UTF-8 -Dsun.stdout.encoding=UTF-8 -Dsun.stderr.encoding=UTF-8 
java_command: runestone.RunestoneKt
java_class_path (initial): C:\Users\nohan\Desktop\Projects\Original\Rune3D\Runestone\build\classes\kotlin\main;C:\Users\nohan\Desktop\Projects\Original\Rune3D\Runestone\build\resources\main;C:\Users\nohan\.gradle\caches\modules-2\files-2.1\org.jetbrains.kotlin\kotlin-scripting-jvm\2.1.0\63671ebf34dac00ac97885f3e0e6f7478537bd20\kotlin-scripting-jvm-2.1.0.jar;C:\Users\nohan\.gradle\caches\modules-2\files-2.1\org.jetbrains.kotlin\kotlin-scripting-common\2.1.0\269ce38f2d7214d4608059b4326b1710f82b91b9\kotlin-scripting-common-2.1.0.jar;C:\Users\nohan\.gradle\caches\modules-2\files-2.1\io.github.kotlin-graphics\glm\0.9.9.1-12\56d9eb02aa5b6fbe49813f063443db076733cd67\glm-0.9.9.1-12.jar;C:\Users\nohan\.gradle\caches\modules-2\files-2.1\io.github.kotlin-graphics\kool\0.9.79\7ea8f7c0456a887c0efd9bc8fcb42f06742fc7af\kool-0.9.79.jar;C:\Users\nohan\Desktop\Projects\Original\Rune3D\Rune\build\classes\kotlin\main;C:\Users\nohan\Desktop\Projects\Original\Rune3D\Rune\build\resources\main;C:\Users\nohan\.gradle\caches\modules-2\files-2.1\io.github.spair\imgui-java-app\1.89.0\b489c73b9762cd339860450dba936a0db5052d86\imgui-java-app-1.89.0.jar;C:\Users\nohan\.gradle\caches\modules-2\files-2.1\org.jetbrains.kotlin\kotlin-scripting-jvm-host\2.1.0\84a1df02d1be09db962e579ba45dbc36c640e378\kotlin-scripting-jvm-host-2.1.0.jar;C:\Users\nohan\.gradle\caches\modules-2\files-2.1\io.github.libktx\ktx-box2d\1.13.1-rc1\1ef729347510d16e4dc07590629b6964da340781\ktx-box2d-1.13.1-rc1.jar;C:\Users\nohan\.gradle\caches\modules-2\files-2.1\org.jetbrains.kotlin\kotlin-script-runtime\2.1.0\5909da8c57b75a117714ab0e348c86101b7a3284\kotlin-script-runtime-2.1.0.jar;C:\Users\nohan\.gradle\caches\modules-2\files-2.1\io.github.quillraven.fleks\Fleks-jvm\2.11\414d4161625f09a27e327bfdf6db91a1752f09d8\Fleks-jvm-2.11.jar;C:\Users\nohan\.gradle\caches\modules-2\files-2.1\org.jetbrains.kotlinx\kotlinx-coroutines-core-jvm\1.8.0\ac1dc37a30a93150b704022f8d895ee1bd3a36b3\kotlinx-coroutines-core-jvm-1.8.0.jar;C:\Users\nohan\.gradle\caches\modules-2\files-2.1\org.jetbrains\annotations\23.0.0\8cc20c07506ec18e0834947b84a864bfc094484e\annotations-23.0.0.jar;C:\Users\nohan\.gradle\caches\modules-2\files-2.1\io.github.spair\imgui-java-binding\1.89.0\97c691effb5cf18f918546df7e770cdee19a2fa2\imgui-java-binding-1.89.0.jar;C:\Users\nohan\.gradle\caches\modules-2\files-2.1\io.github.spair\imgui-java-lwjgl3\1.89.0\ecaa154c833084700e8acb1c3a10c68761095516\imgui-java-lwjgl3-1.89.0.jar;C:\Users\nohan\.gradle\caches\modules-2\files-2.1\com.badlogicgames.gdx\gdx-box2d\1.13.1\5280c502b07d6e3a37bdd0460ad660f9e1c583c0\gdx-box2d-1.13.1.jar;C:\Users\nohan\.gradle\caches\modules-2\files-2.1\com.badlogicgames.gdx\gdx\1.13.1\734d9a5ca877bbce0c595dbdc3165fe6a22b7a30\gdx-1.13.1.jar;C:\Users\nohan\.gradle\caches\modules-2\files-2.1\com.badlogicgames.gdx\gdx-jnigen-loader\2.5.2\f35e90affe07c46b4f5e5958a1a4c1820c4890e2\gdx-jnigen-loader-2.5.2.jar;C:\Users\nohan\.gradle\caches\modules-2\files-2.1\org.jetbrains.kotlin\kotlin-stdlib\2.1.10\d3028429e7151d7a7c1a0d63a4f60eac86a87b91\kotlin-stdlib-2.1.10.jar;C:\Users\nohan\.gradle\caches\modules-2\files-2.1\org.jetbrains.kotlin\kotlin-reflect\2.1.0\dc3753b59b67d79b7d2f546d51e22a0ec1f082d8\kotlin-reflect-2.1.0.jar;C:\Users\nohan\.gradle\caches\modules-2\files-2.1\org.joml\joml\1.10.7\f8c3f2e7db281bde099342dd36133de4bbba390c\joml-1.10.7.jar;C:\Users\nohan\.gradle\caches\modules-2\files-2.1\org.lwjgl\lwjgl-assimp\3.3.6\931a8de55dd5ee546689119c85ed4d4af7fa68f2\lwjgl-assimp-3.3.6.jar;C:\Users\nohan\.gradle\caches\modules-2\files-2.1\org.lwjgl\lwjgl-assimp\3.3.6\486fa1e2db9fc903a0cab984604cef1a895b0e28\lwjgl-assimp-3.3.6-natives-windows.jar;C:\Users\nohan\.gradle\caches\modules-2\files-2.1\org.lwjgl\lwjgl-bgfx\3.3.6\8309ffb8fa032d8b96797147b541ac626c15d848\lwjgl-bgfx-3.3.6.jar;C:\Users\nohan\.gradle\caches\modules-2\files-2.1\org.lwjgl\lwjgl-bgfx\3.3.6\3080eaf795827a041d0906a0541a4972c9e8ddc3\lwjgl-bgfx-3.3.6-natives-windows.jar;C:\Users\nohan\.gradle\caches\modules-2\files-2.1\org.lwjgl\lwjgl-cuda\3.3.6\149c24a7ee261786cb3894f38658b20bec691aaa\lwjgl-cuda-3.3.6.jar;C:\Users\nohan\.gradle\caches\modules-2\files-2.1\org.lwjgl\lwjgl-egl\3.3.6\6842d0164e94dda0fb5ec1d55b67e69df7643f28\lwjgl-egl-3.3.6.jar;C:\Users\nohan\.gradle\caches\modules-2\files-2.1\org.lwjgl\lwjgl-glfw\3.3.6\7119f7d0eeb1e5502ff0ca71d2b4d47317da015\lwjgl-glfw-3.3.6.jar;C:\Users\nohan\.gradle\caches\modules-2\files-2.1\org.lwjgl\lwjgl-glfw\3.3.6\797e0965709ad180d9b00c88a086dbda15002203\lwjgl-glfw-3.3.6-natives-linux.jar;C:\Users\nohan\.gradle\caches\modules-2\files-2.1\org.lwjgl\lwjgl-glfw\3.3.6\82c8d748a654241b5961ddd1c098e8b648e38a48\lwjgl-glfw-3.3.6-natives-macos.jar;C:\Users\nohan\.gradle\caches\modules-2\files-2.1\org.lwjgl\lwjgl-glfw\3.3.6\399b42b491c5dfa6595ae6fd79dcba61b93538a7\lwjgl-glfw-3.3.6-natives-macos-arm64.jar;C:\Users\nohan\.gradle\caches\modules-2\files-2.1\org.lwjgl\lwjgl-glfw\3.3.6\99ef08056feb9627f90425a4d2a22cd9fae8e39b\lwjgl-glfw-3.3.6-natives-windows.jar;C:\Users\nohan\.gradle\caches\modules-2\files-2.1\org.lwjgl\lwjgl-harfbuzz\3.3.6\2c7de8016dbe564688d062768b18a644dece15a5\lwjgl-harfbuzz-3.3.6-natives-windows.jar;C:\Users\nohan\.gradle\caches\modules-2\files-2.1\org.lwjgl\lwjgl-jawt\3.3.6\43299e222bd7db5e99254a8e620330954b73c2a6\lwjgl-jawt-3.3.6.jar;C:\Users\nohan\.gradle\caches\modules-2\files-2.1\org.lwjgl\lwjgl-ktx\3.3.6\8bc5c30f577c2758d3cce13bce5e9734aac4fc95\lwjgl-ktx-3.3.6.jar;C:\Users\nohan\.gradle\caches\modules-2\files-2.1\org.lwjgl\lwjgl-ktx\3.3.6\ae2417279d8173d86ef24d42b589fc2106c49c91\lwjgl-ktx-3.3.6-natives-windows.jar;C:\Users\nohan\.gradle\caches\modules-2\files-2.1\org.lwjgl\lwjgl-nfd\3.3.6\e8059ffaf90c86b061fd89ddf3092979581ec72b\lwjgl-nfd-3.3.6.jar;C:\Users\nohan\.gradle\caches\modules-2\files-2.1\org.lwjgl\lwjgl-nfd\3.3.6\749514157757f81256cf28c029fc3ec0dabe9135\lwjgl-nfd-3.3.6-natives-windows.jar;C:\Users\nohan\.gradle\caches\modules-2\files-2.1\org.lwjgl\lwjgl-odbc\3.3.6\f687e0ffaa33f4bf5bebe7683a8314f0b0a6c8e8\lwjgl-odbc-3.3.6.jar;C:\Users\nohan\.gradle\caches\modules-2\files-2.1\org.lwjgl\lwjgl-openal\3.3.6\ad313317ff399fd2a7f4dd74716a68cf3976c6ad\lwjgl-openal-3.3.6.jar;C:\Users\nohan\.gradle\caches\modules-2\files-2.1\org.lwjgl\lwjgl-openal\3.3.6\9c2b9b660e085bb0b47a4453dc0e26f24a5475e4\lwjgl-openal-3.3.6-natives-windows.jar;C:\Users\nohan\.gradle\caches\modules-2\files-2.1\org.lwjgl\lwjgl-opencl\3.3.6\93fdcea16d27b1466450e38dc28c8e1b4819ec25\lwjgl-opencl-3.3.6.jar;C:\Users\nohan\.gradle\caches\modules-2\files-2.1\org.lwjgl\lwjgl-opengl\3.3.6\ac2532612a4df374e9a9282bcf8ce2573018ebbb\lwjgl-opengl-3.3.6.jar;C:\Users\nohan\.gradle\caches\modules-2\files-2.1\org.lwjgl\lwjgl-opengl\3.3.6\b8dc6467fe232d552793c53dc56f9fa8a385299c\lwjgl-opengl-3.3.6-natives-linux.jar;C:\Users\nohan\.gradle\caches\modules-2\files-2.1\org.lwjgl\lwjgl-opengl\3.3.6\59f708eb4bf0be0204bbc9c06807911724673db6\lwjgl-opengl-3.3.6-natives-macos.jar;C:\Users\nohan\.gradle\caches\modules-2\files-2.1\org.lwjgl\lwjgl-opengl\3.3.6\fee4fb2ee786af6530b6f9188205a76bc4e05268\lwjgl-opengl-3.3.6-natives-macos-arm64.jar;C:\Users\nohan\.gradle\caches\modules-2\files-2.1\org.lwjgl\lwjgl-opengl\3.3.6\18dc639ebc94aa5202c2157f7490d28997b697c5\lwjgl-opengl-3.3.6-natives-windows.jar;C:\Users\nohan\.gradle\caches\modules-2\files-2.1\org.lwjgl\lwjgl-opengles\3.3.6\438cffbadd2721056c0ec31fdee1f21a25009207\lwjgl-opengles-3.3.6.jar;C:\Users\nohan\.gradle\caches\modules-2\files-2.1\org.lwjgl\lwjgl-opengles\3.3.6\b705c82c305799d68fd309541dc7ed6e421d53ef\lwjgl-opengles-3.3.6-natives-windows.jar;C:\Users\nohan\.gradle\caches\modules-2\files-2.1\org.lwjgl\lwjgl-shaderc\3.3.6\ab69a0e011f057ed25857c97fa3c87f20ab8f670\lwjgl-shaderc-3.3.6.jar;C:\Users\nohan\.gradle\caches\modules-2\files-2.1\org.lwjgl\lwjgl-shaderc\3.3.6\6c0358e646419b9f5a15c79df5b369eee6ea5a0c\lwjgl-shaderc-3.3.6-natives-windows.jar;C:\Users\nohan\.gradle\caches\modules-2\files-2.1\org.lwjgl\lwjgl-spvc\3.3.6\cd5803758d5ad1002341bb8942f017a380ebf637\lwjgl-spvc-3.3.6.jar;C:\Users\nohan\.gradle\caches\modules-2\files-2.1\org.lwjgl\lwjgl-spvc\3.3.6\1ee587d09a55b5a1d298820b4adc1894220f477e\lwjgl-spvc-3.3.6-natives-windows.jar;C:\Users\nohan\.gradle\caches\modules-2\files-2.1\org.lwjgl\lwjgl-stb\3.3.6\e2d3739dcfe7b672b626ded66d94f6587083306e\lwjgl-stb-3.3.6.jar;C:\Users\nohan\.gradle\caches\modules-2\files-2.1\org.lwjgl\lwjgl-stb\3.3.6\334cf885b39e2db9070c39e70e65efb136435f10\lwjgl-stb-3.3.6-natives-windows.jar;C:\Users\nohan\.gradle\caches\modules-2\files-2.1\org.lwjgl\lwjgl-vulkan\3.3.6\a403e0931b03b138854bb2ba9c48dab646cba6d8\lwjgl-vulkan-3.3.6.jar;C:\Users\nohan\.gradle\caches\modules-2\files-2.1\org.lwjgl\lwjgl\3.3.6\ce7721d30cfaf47feaed10213e0c43eb55c49d68\lwjgl-3.3.6.jar;C:\Users\nohan\.gradle\caches\modules-2\files-2.1\org.lwjgl\lwjgl\3.3.6\dc7db8fc4f1e6563867f9155b9a42d9c73d8992f\lwjgl-3.3.6-natives-linux.jar;C:\Users\nohan\.gradle\caches\modules-2\files-2.1\org.lwjgl\lwjgl\3.3.6\f14e7a5289d2355822f4f83b3fd38d158c939acd\lwjgl-3.3.6-natives-macos.jar;C:\Users\nohan\.gradle\caches\modules-2\files-2.1\org.lwjgl\lwjgl\3.3.6\832e2964ce74e02e768814a29c06d60645115b9a\lwjgl-3.3.6-natives-macos-arm64.jar;C:\Users\nohan\.gradle\caches\modules-2\files-2.1\org.lwjgl\lwjgl\3.3.6\9a29b6a22fc5184604b8cb434ee5d5ecc4bfcbee\lwjgl-3.3.6-natives-windows.jar;C:\Users\nohan\.gradle\caches\modules-2\files-2.1\com.badlogicgames.gdx\gdx-box2d-platform\1.13.1\a85f4f624bdc6f41b1f3f2f541c76d989e5b30a1\gdx-box2d-platform-1.13.1-natives-desktop.jar;C:\Users\nohan\.gradle\caches\modules-2\files-2.1\org.jetbrains.kotlin\kotlin-scripting-compiler-embeddable\2.1.0\8bd8465d1e4f3c8d21f45682a09a0aade50c044a\kotlin-scripting-compiler-embeddable-2.1.0.jar;C:\Users\nohan\.gradle\caches\modules-2\files-2.1\org.jetbrains.kotlin\kotlin-compiler-embeddable\2.1.0\988bf980588bbbcfa1ba19c1ffd7aa869b335a31\kotlin-compiler-embeddable-2.1.0.jar;C:\Users\nohan\.gradle\caches\modules-2\files-2.1\org.jetbrains.kotlin\kotlin-stdlib-jdk8\1.8.20\73576ddf378c5b4f1f6b449fe6b119b8183fc078\kotlin-stdlib-jdk8-1.8.20.jar;C:\Users\nohan\.gradle\caches\modules-2\files-2.1\org.lwjgl\lwjgl-jemalloc\3.3.6\245910eb57f2444429c74e6bf96030e5ec0a6739\lwjgl-jemalloc-3.3.6.jar;C:\Users\nohan\.gradle\caches\modules-2\files-2.1\org.lwjgl\lwjgl-jemalloc\3.3.6\26f8b467dc2e0f3000d608de3564b572bb46f927\lwjgl-jemalloc-3.3.6-natives-linux.jar;C:\Users\nohan\.gradle\caches\modules-2\files-2.1\org.jetbrains.kotlinx\kotlinx-serialization-json-jvm\1.7.3\6701e8c68d9e82387ce72ee96e8ddf058208d58f\kotlinx-serialization-json-jvm-1.7.3.jar;C:\Users\nohan\.gradle\caches\modules-2\files-2.1\org.jetbrains.kotlin\kotlin-scripting-compiler-impl-embeddable\2.1.0\95349696c9ef4080bb9e72c3419e1f8eeeea6eac\kotlin-scripting-compiler-impl-embeddable-2.1.0.jar;C:\Users\nohan\.gradle\caches\modules-2\files-2.1\org.jetbrains.kotlin\kotlin-daemon-embeddable\2.1.0\420bae1908e4a353f5b56c3c850d24d86367b25d\kotlin-daemon-embeddable-2.1.0.jar;C:\Users\nohan\.gradle\caches\modules-2\files-2.1\org.jetbrains.intellij.deps\trove4j\1.0.20200330\3afb14d5f9ceb459d724e907a21145e8ff394f02\trove4j-1.0.20200330.jar;C:\Users\nohan\.gradle\caches\modules-2\files-2.1\org.jetbrains.kotlin\kotlin-stdlib-jdk7\1.8.20\3aa51faf20aae8b31e1a4bc54f8370673d7b7df4\kotlin-stdlib-jdk7-1.8.20.jar;C:\Users\nohan\.gradle\caches\modules-2\files-2.1\org.jetbrains.kotlinx\kotlinx-serialization-core-jvm\1.7.3\1f226780b845ff9206474c05159245d861556249\kotlinx-serialization-core-jvm-1.7.3.jar
Launcher Type: SUN_STANDARD

[Global flags]
     intx CICompilerCount                          = 12                                        {product} {ergonomic}
     uint ConcGCThreads                            = 3                                         {product} {ergonomic}
     uint G1ConcRefinementThreads                  = 13                                        {product} {ergonomic}
   size_t G1HeapRegionSize                         = 8388608                                   {product} {ergonomic}
    uintx GCDrainStackTargetSize                   = 64                                        {product} {ergonomic}
   size_t InitialHeapSize                          = 1040187392                                {product} {ergonomic}
   size_t MarkStackSize                            = 4194304                                   {product} {ergonomic}
   size_t MaxHeapSize                              = 16559112192                               {product} {ergonomic}
   size_t MaxNewSize                               = 9932111872                                {product} {ergonomic}
   size_t MinHeapDeltaBytes                        = 8388608                                   {product} {ergonomic}
   size_t MinHeapSize                              = 8388608                                   {product} {ergonomic}
    uintx NonNMethodCodeHeapSize                   = 7602480                                {pd product} {ergonomic}
    uintx NonProfiledCodeHeapSize                  = 122027880                              {pd product} {ergonomic}
    uintx ProfiledCodeHeapSize                     = 122027880                              {pd product} {ergonomic}
    uintx ReservedCodeCacheSize                    = 251658240                              {pd product} {ergonomic}
     bool SegmentedCodeCache                       = true                                      {product} {ergonomic}
   size_t SoftMaxHeapSize                          = 16559112192                            {manageable} {ergonomic}
     bool UseCompressedOops                        = true                           {product lp64_product} {ergonomic}
     bool UseG1GC                                  = true                                      {product} {ergonomic}
     bool UseLargePagesIndividualAllocation        = false                                  {pd product} {ergonomic}

Logging:
Log output configuration:
 #0: stdout all=warning uptime,level,tags foldmultilines=false
 #1: stderr all=off uptime,level,tags foldmultilines=false

Environment Variables:
PATH=e:\oculus\support\oculus-runtime;c:\program files\eclipse adoptium\jdk-21.0.1.12-hotspot\bin;c:\program files (x86)\common files\intel\shared libraries\redist\intel64\compiler;c:\program files (x86)\common files\oracle\java\javapath;c:\windows\system32;c:\windows;c:\windows\system32\wbem;c:\windows\system32\windowspowershell\v1.0\;c:\windows\system32\openssh\;c:\program files\dotnet\;c:\mingw64;c:\mingw64\bin;c:\program files\git\cmd;c:\program files\nodejs\;c:\program files\docker\docker\resources\bin;C:\Program Files (x86)\NVIDIA Corporation\PhysX\Common;C:\msys64\mingw64\bin;;C:\Program Files\Docker\Docker\resources\bin;C:\Program Files\Topaz Labs LLC\Topaz Gigapixel AI\bin\;C:\Program Files\NVIDIA Corporation\NVIDIA app\NvDLISR;%SystemRoot%\system32;%SystemRoot%;%SystemRoot%\System32\Wbem;%SYSTEMROOT%\System32\WindowsPowerShell\v1.0\;%SYSTEMROOT%\System32\OpenSSH\;C:\Users\nohan\AppData\Local\.meteor;C:\Users\nohan\AppData\Local\Programs\Python\Python310\Scripts\;C:\Users\nohan\AppData\Local\Programs\Python\Python310\;C:\Users\nohan\AppData\Local\Microsoft\WindowsApps;C:\Users\nohan\AppData\Roaming\npm;C:\Users\nohan\AppData\Local\Programs\Microsoft VS Code\bin;C:\Users\nohan\AppData\Local\Google\Cloud SDK\google-cloud-sdk\bin;C:\Program Files\Airshipper;
USERNAME=nohan
OS=Windows_NT
PROCESSOR_IDENTIFIER=AMD64 Family 26 Model 68 Stepping 0, AuthenticAMD
TMP=C:\Users\nohan\AppData\Local\Temp
TEMP=C:\Users\nohan\AppData\Local\Temp




Periodic native trim disabled

---------------  S Y S T E M  ---------------

OS:
 Windows 11 , 64 bit Build 26100 (10.0.26100.3912)
OS uptime: 0 days 6:45 hours
Hyper-V role detected

CPU: total 16 (initial active 16) (16 cores per cpu, 2 threads per core) family 26 model 68 stepping 0 microcode 0xb404023, cx8, cmov, fxsr, ht, mmx, 3dnowpref, sse, sse2, sse3, ssse3, sse4a, sse4.1, sse4.2, popcnt, lzcnt, tsc, tscinvbit, avx, avx2, aes, erms, clmul, bmi1, bmi2, adx, avx512f, avx512dq, avx512cd, avx512bw, avx512vl, sha, fma, vzeroupper, avx512_vpopcntdq, avx512_vpclmulqdq, avx512_vaes, avx512_vnni, clflush, clflushopt, avx512_vbmi2, avx512_vbmi, hv, rdtscp, rdpid, fsrm, gfni, avx512_bitalg, f16c, cet_ss, avx512_ifma
Processor Information for all 16 processors :
  Max Mhz: 4700, Current Mhz: 4700, Mhz Limit: 4700

Memory: 4k page, system-wide physical 63136M (42427M free)
TotalPageFile size 67104M (AvailPageFile size 39581M)
current process WorkingSet (physical memory assigned to process): 254M, peak: 293M
current process commit charge ("private bytes"): 1478M, peak: 1557M

vm_info: OpenJDK 64-Bit Server VM (21.0.1+12-LTS) for windows-amd64 JRE (21.0.1+12-LTS), built on 2023-10-17T00:00:00Z by "admin" with unknown MS VC++:1937

END.
